#
# A fatal error has been detected by the Java Runtime Environment:
#
#  EXCEPTION_ACCESS_VIOLATION (0xc0000005) at pc=0x0000000071ece291, pid=3308, tid=3196
#
# JRE version: 7.0_11-b21
# Java VM: Java HotSpot(TM) 64-Bit Server VM (23.6-b04 mixed mode windows-amd64 compressed oops)
# Problematic frame:
# C  0x0000000071ece291
#
# Failed to write core dump. Minidumps are not enabled by default on client versions of Windows
#
# If you would like to submit a bug report, please visit:
#   http://bugreport.sun.com/bugreport/crash.jsp
#

---------------  T H R E A D  ---------------

Current thread (0x0000000022ea7800):  GCTaskThread [stack: 0x00000000272a0000,0x000000002b2a0000] [id=3196]

siginfo: ExceptionCode=0xc0000005, reading address 0xffffffffffffffff

Registers:
RAX=0x00000000372a0000, RBX=0x00d30000e0001d50, RCX=0x0000000000000000, RDX=0x00000000e149b028
RSP=0x000000002b29fac0, RBP=0x00000000e149aff8, RSI=0x0000000022c04230, RDI=0x0000000022c04230
R8 =0x000000000000002a, R9 =0x000069800000000e, R10=0x0000000000000000, R11=0x000000000000000c
R12=0x0000000072377708, R13=0x0000000022eba4f0, R14=0x0000000022c20c80, R15=0x0000000000000000
RIP=0x0000000071ece291, EFLAGS=0x0000000000010202

Top of Stack: (sp=0x000000002b29fac0)
0x000000002b29fac0:   00000000e149aff8 0000000022c04230
0x000000002b29fad0:   0000000022c04230 0000000072377708
0x000000002b29fae0:   0000000022c5c4d0 000000007217920c
0x000000002b29faf0:   0000000000000240 00000000e93a5fa0
0x000000002b29fb00:   0000000022c04230 0000000022c5c4d0
0x000000002b29fb10:   0000000059bddbd0 0000000000000003
0x000000002b29fb20:   0000000022c04230 0000000071ece2b2
0x000000002b29fb30:   00000000ff94af28 000007fefdc8133c
0x000000002b29fb40:   0000000022b48300 0000000022eba4f0
0x000000002b29fb50:   0000000022c20c90 0000000022c20c80
0x000000002b29fb60:   0000000072377708 0000000022c5c4d0
0x000000002b29fb70:   0000000022c04230 0000000000000000
0x000000002b29fb80:   0000000022c5c4d0 00000000721769ca
0x000000002b29fb90:   0000000022c5c4d0 0000000022c04230
0x000000002b29fba0:   0000000022c5c4d0 0000000000000000
0x000000002b29fbb0:   0000000072335958 0000000072375700 

Instructions: (pc=0x0000000071ece291)
0x0000000071ece271:   8b 64 60 00 49 c1 e9 03 49 d3 e9 41 0f b6 c1 49
0x0000000071ece281:   c1 e9 06 24 3f 44 0f b6 c0 48 8b 05 7f 64 60 00
0x0000000071ece291:   4a 8b 0c c8 4c 0f a3 c1 72 17 48 8b cb e8 6d fc
0x0000000071ece2a1:   ff ff 84 c0 74 0b 48 8b d3 48 8b cf e8 4e ff ff 


Register to memory mapping:

RAX=0x00000000372a0000 is an unknown value
RBX=0x00d30000e0001d50 is an unknown value
RCX=0x0000000000000000 is an unknown value
RDX=0x00000000e149b028 is an oop
{constMethod} 
 - klass: {other class}
 - method:       0x00000000e149b078 {method} '<init>' '(Lcom/google/common/collect/AbstractMultimap$KeySet;)V' in 'com/google/common/collect/AbstractMultimap$KeySet$1'
 - exceptions:   0x00d30000e0001d50
RSP=0x000000002b29fac0 is an unknown value
RBP=0x00000000e149aff8 is an oop
{constMethod} 
 - klass: {other class}
 - method:       0x00000000e149b078 {method} '<init>' '(Lcom/google/common/collect/AbstractMultimap$KeySet;)V' in 'com/google/common/collect/AbstractMultimap$KeySet$1'
 - exceptions:   0x00d30000e0001d50
RSI=0x0000000022c04230 is an unknown value
RDI=0x0000000022c04230 is an unknown value
R8 =0x000000000000002a is an unknown value
R9 =0x000069800000000e is an unknown value
R10=0x0000000000000000 is an unknown value
R11=0x000000000000000c is an unknown value
R12=0x0000000072377708 is an unknown value
R13=0x0000000022eba4f0 is an unknown value
R14=0x0000000022c20c80 is an unknown value
R15=0x0000000000000000 is an unknown value


Stack: [0x00000000272a0000,0x000000002b2a0000],  sp=0x000000002b29fac0,  free space=65534k
Native frames: (J=compiled Java code, j=interpreted, Vv=VM code, C=native code)
C  0x0000000071ece291


---------------  P R O C E S S  ---------------

Java Threads: ( => current thread )
  0x0000000075409000 JavaThread "Startup Class Loader" daemon [_thread_blocked, id=3732, stack(0x00000000d0000000,0x00000000d4000000)]
  0x0000000075405800 JavaThread "Swing-Shell" daemon [_thread_blocked, id=3148, stack(0x0000000104000000,0x0000000108000000)]
  0x0000000059eea800 JavaThread "FileDecorationCache request queue" daemon [_thread_blocked, id=3160, stack(0x00000000c4000000,0x00000000c8000000)]
  0x0000000059ee9800 JavaThread "ClipboardMonitor Timer" daemon [_thread_blocked, id=1868, stack(0x00000000cc000000,0x00000000d0000000)]
  0x0000000059eeb000 JavaThread "Explorer NavigationContext request queue" daemon [_thread_blocked, id=1272, stack(0x00000000c8000000,0x00000000cc000000)]
  0x0000000059ee8800 JavaThread "AddressBar directory emptiness poller" daemon [_thread_blocked, id=1876, stack(0x00000000c0000000,0x00000000c4000000)]
  0x0000000059ee6800 JavaThread "Explorer Refresh Service 1169982539" daemon [_thread_blocked, id=1904, stack(0x00000000bc000000,0x00000000c0000000)]
  0x0000000059ee7000 JavaThread "Thread-4" daemon [_thread_blocked, id=1836, stack(0x00000000b4000000,0x00000000b8000000)]
  0x0000000067667800 JavaThread "Image Fetcher 2" daemon [_thread_blocked, id=1732, stack(0x00000000b0000000,0x00000000b4000000)]
  0x0000000059eec800 JavaThread "Image Fetcher 3" daemon [_thread_blocked, id=1688, stack(0x00000000ac000000,0x00000000b0000000)]
  0x0000000059eec000 JavaThread "TimerQueue" daemon [_thread_blocked, id=2620, stack(0x00000000a0000000,0x00000000a4000000)]
  0x0000000059ee5800 JavaThread "Thread-3" daemon [_thread_blocked, id=3584, stack(0x0000000090000000,0x0000000094000000)]
  0x0000000059cb9000 JavaThread "FelixPackageAdmin" daemon [_thread_blocked, id=2844, stack(0x000000009c000000,0x00000000a0000000)]
  0x0000000059cb8800 JavaThread "FelixStartLevel" daemon [_thread_blocked, id=564, stack(0x0000000098000000,0x000000009c000000)]
  0x0000000059c93800 JavaThread "FelixDispatchQueue" daemon [_thread_blocked, id=3508, stack(0x0000000094000000,0x0000000098000000)]
  0x0000000059e42800 JavaThread "AWT-EventQueue-0" [_thread_blocked, id=3464, stack(0x000000008c000000,0x0000000090000000)]
  0x0000000059b43000 JavaThread "com.google.common.base.internal.Finalizer" daemon [_thread_blocked, id=676, stack(0x0000000088000000,0x000000008c000000)]
  0x0000000059a8a000 JavaThread "Image Fetcher 0" daemon [_thread_blocked, id=3392, stack(0x0000000084000000,0x0000000088000000)]
  0x0000000059af1000 JavaThread "AWT-Windows" daemon [_thread_blocked, id=3396, stack(0x0000000080000000,0x0000000084000000)]
  0x0000000059a04000 JavaThread "AWT-Shutdown" [_thread_blocked, id=3412, stack(0x0000000077d70000,0x000000007bd70000)]
  0x0000000059a59000 JavaThread "Java2D Disposer" daemon [_thread_blocked, id=3432, stack(0x0000000062720000,0x0000000066720000)]
  0x00000000597d5800 JavaThread "Timer-0" [_thread_blocked, id=3428, stack(0x000000005e660000,0x0000000062660000)]
  0x0000000059734800 JavaThread "EventMgr Dispatcher" daemon [_thread_in_native, id=3416, stack(0x000000005a660000,0x000000005e660000)]
  0x0000000023a3b000 JavaThread "Service Thread" daemon [_thread_blocked, id=680, stack(0x0000000051690000,0x0000000055690000)]
  0x0000000023a37000 JavaThread "C2 CompilerThread1" daemon [_thread_blocked, id=3388, stack(0x000000004d690000,0x0000000051690000)]
  0x0000000023a35800 JavaThread "C2 CompilerThread0" daemon [_thread_blocked, id=3380, stack(0x0000000049690000,0x000000004d690000)]
  0x0000000023a35000 JavaThread "Attach Listener" daemon [_thread_blocked, id=4012, stack(0x0000000045690000,0x0000000049690000)]
  0x00000000239bb000 JavaThread "Finalizer" daemon [_thread_blocked, id=3100, stack(0x0000000041690000,0x0000000045690000)]
  0x00000000239b0800 JavaThread "Reference Handler" daemon [_thread_blocked, id=3384, stack(0x000000003d690000,0x0000000041690000)]
  0x0000000022ed6800 JavaThread "main" [_thread_in_native, id=3316, stack(0x0000000000030000,0x0000000004030000)]

Other Threads:
  0x00000000239ae000 VMThread [stack: 0x0000000039690000,0x000000003d690000] [id=3200]
  0x0000000023a82800 WatcherThread [stack: 0x0000000055690000,0x0000000059690000] [id=3424]

=>0x0000000022ea7800 (exited) GCTaskThread [stack: 0x00000000272a0000,0x000000002b2a0000] [id=3196]

VM state:at safepoint (normal execution)

VM Mutex/Monitor currently owned by a thread:  ([mutex/lock_event])
[0x0000000022dd4230] Threads_lock - owner thread: 0x00000000239ae000
[0x0000000022dd4730] Heap_lock - owner thread: 0x0000000075409000

Heap
 PSYoungGen      total 85824K, used 3801K [0x00000000fa000000, 0x00000000ffe50000, 0x0000000100000000)
  eden space 79680K, 0% used [0x00000000fa000000,0x00000000fa000000,0x00000000fedd0000)
  from space 6144K, 61% used [0x00000000ff850000,0x00000000ffc064d0,0x00000000ffe50000)
  to   space 8448K, 0% used [0x00000000fedd0000,0x00000000fedd0000,0x00000000ff610000)
 ParOldGen       total 54656K, used 49436K [0x00000000e8000000, 0x00000000eb560000, 0x00000000fa000000)
  object space 54656K, 90% used [0x00000000e8000000,0x00000000eb0472e0,0x00000000eb560000)
 PSPermGen       total 45056K, used 44949K [0x00000000e0000000, 0x00000000e2c00000, 0x00000000e8000000)
  object space 45056K, 99% used [0x00000000e0000000,0x00000000e2be56e0,0x00000000e2c00000)

Card table byte_map: [0x0000000027100000,0x0000000027210000] byte_map_base: 0x0000000026a00000

Polling page: 0x0000000009b10000

Code Cache  [0x0000000024040000, 0x00000000242b0000, 0x0000000027040000)
 total_blobs=1307 nmethods=693 adapters=564 free_code_cache=46998Kb largest_free_block=48065344

Compilation events (10 events):
Event: 6.103 Thread 0x0000000023a37000  724             sun.security.util.ManifestDigester::findSection (180 bytes)
Event: 6.104 Thread 0x0000000023a37000 nmethod 724 0x00000000240b7c50 code [0x00000000240b7da0, 0x00000000240b7f58]
Event: 6.106 Thread 0x0000000023a35800 nmethod 723 0x0000000024261490 code [0x0000000024261680, 0x0000000024261d40]
Event: 6.118 Thread 0x0000000023a37000  725             java.lang.Integer::reverseBytes (26 bytes)
Event: 6.118 Thread 0x0000000023a37000 nmethod 725 0x0000000024260ed0 code [0x0000000024261000, 0x0000000024261078]
Event: 6.119 Thread 0x0000000023a35800  727             java.math.BigInteger::mulAdd (81 bytes)
Event: 6.121 Thread 0x0000000023a35800 nmethod 727 0x0000000024260b50 code [0x0000000024260c80, 0x0000000024260df8]
Event: 6.128 Thread 0x0000000023a37000  728             java.lang.ThreadLocal::get (34 bytes)
Event: 6.128 Thread 0x0000000023a35800  729   !         java.lang.StringCoding$StringDecoder::decode (179 bytes)
Event: 6.129 Thread 0x0000000023a37000 nmethod 728 0x0000000024123c10 code [0x0000000024123d80, 0x0000000024123eb8]

GC Heap History (10 events):
Event: 2.845 GC heap after
Heap after GC invocations=14 (full 0):
 PSYoungGen      total 89472K, used 3700K [0x00000000fa000000, 0x00000000fff30000, 0x0000000100000000)
  eden space 82240K, 0% used [0x00000000fa000000,0x00000000fa000000,0x00000000ff050000)
  from space 7232K, 51% used [0x00000000ff820000,0x00000000ffbbd070,0x00000000fff30000)
  to   space 7616K, 0% used [0x00000000ff050000,0x00000000ff050000,0x00000000ff7c0000)
 ParOldGen       total 49152K, used 27932K [0x00000000e8000000, 0x00000000eb000000, 0x00000000fa000000)
  object space 49152K, 56% used [0x00000000e8000000,0x00000000e9b473b0,0x00000000eb000000)
 PSPermGen       total 33152K, used 33037K [0x00000000e0000000, 0x00000000e2060000, 0x00000000e8000000)
  object space 33152K, 99% used [0x00000000e0000000,0x00000000e2043428,0x00000000e2060000)
}
Event: 3.158 GC heap before
{Heap before GC invocations=15 (full 0):
 PSYoungGen      total 89472K, used 85940K [0x00000000fa000000, 0x00000000fff30000, 0x0000000100000000)
  eden space 82240K, 100% used [0x00000000fa000000,0x00000000ff050000,0x00000000ff050000)
  from space 7232K, 51% used [0x00000000ff820000,0x00000000ffbbd070,0x00000000fff30000)
  to   space 7616K, 0% used [0x00000000ff050000,0x00000000ff050000,0x00000000ff7c0000)
 ParOldGen       total 49152K, used 27932K [0x00000000e8000000, 0x00000000eb000000, 0x00000000fa000000)
  object space 49152K, 56% used [0x00000000e8000000,0x00000000e9b473b0,0x00000000eb000000)
 PSPermGen       total 37760K, used 37729K [0x00000000e0000000, 0x00000000e24e0000, 0x00000000e8000000)
  object space 37760K, 99% used [0x00000000e0000000,0x00000000e24d8738,0x00000000e24e0000)
Event: 3.161 GC heap after
Heap after GC invocations=15 (full 0):
 PSYoungGen      total 89856K, used 3560K [0x00000000fa000000, 0x0000000100000000, 0x0000000100000000)
  eden space 82240K, 0% used [0x00000000fa000000,0x00000000fa000000,0x00000000ff050000)
  from space 7616K, 46% used [0x00000000ff050000,0x00000000ff3ca038,0x00000000ff7c0000)
  to   space 7424K, 0% used [0x00000000ff8c0000,0x00000000ff8c0000,0x0000000100000000)
 ParOldGen       total 49152K, used 29036K [0x00000000e8000000, 0x00000000eb000000, 0x00000000fa000000)
  object space 49152K, 59% used [0x00000000e8000000,0x00000000e9c5b3c0,0x00000000eb000000)
 PSPermGen       total 37760K, used 37729K [0x00000000e0000000, 0x00000000e24e0000, 0x00000000e8000000)
  object space 37760K, 99% used [0x00000000e0000000,0x00000000e24d8738,0x00000000e24e0000)
}
Event: 3.502 GC heap before
{Heap before GC invocations=16 (full 0):
 PSYoungGen      total 89856K, used 85800K [0x00000000fa000000, 0x0000000100000000, 0x0000000100000000)
  eden space 82240K, 100% used [0x00000000fa000000,0x00000000ff050000,0x00000000ff050000)
  from space 7616K, 46% used [0x00000000ff050000,0x00000000ff3ca038,0x00000000ff7c0000)
  to   space 7424K, 0% used [0x00000000ff8c0000,0x00000000ff8c0000,0x0000000100000000)
 ParOldGen       total 49152K, used 29036K [0x00000000e8000000, 0x00000000eb000000, 0x00000000fa000000)
  object space 49152K, 59% used [0x00000000e8000000,0x00000000e9c5b3c0,0x00000000eb000000)
 PSPermGen       total 41600K, used 41426K [0x00000000e0000000, 0x00000000e28a0000, 0x00000000e8000000)
  object space 41600K, 99% used [0x00000000e0000000,0x00000000e2874aa8,0x00000000e28a0000)
Event: 3.507 GC heap after
Heap after GC invocations=16 (full 0):
 PSYoungGen      total 89984K, used 3638K [0x00000000fa000000, 0x00000000fff50000, 0x0000000100000000)
  eden space 83264K, 0% used [0x00000000fa000000,0x00000000fa000000,0x00000000ff150000)
  from space 6720K, 54% used [0x00000000ff8c0000,0x00000000ffc4d8d0,0x00000000fff50000)
  to   space 7168K, 0% used [0x00000000ff150000,0x00000000ff150000,0x00000000ff850000)
 ParOldGen       total 49152K, used 30020K [0x00000000e8000000, 0x00000000eb000000, 0x00000000fa000000)
  object space 49152K, 61% used [0x00000000e8000000,0x00000000e9d513c0,0x00000000eb000000)
 PSPermGen       total 41600K, used 41426K [0x00000000e0000000, 0x00000000e28a0000, 0x00000000e8000000)
  object space 41600K, 99% used [0x00000000e0000000,0x00000000e2874aa8,0x00000000e28a0000)
}
Event: 5.112 GC heap before
{Heap before GC invocations=17 (full 0):
 PSYoungGen      total 89984K, used 86902K [0x00000000fa000000, 0x00000000fff50000, 0x0000000100000000)
  eden space 83264K, 100% used [0x00000000fa000000,0x00000000ff150000,0x00000000ff150000)
  from space 6720K, 54% used [0x00000000ff8c0000,0x00000000ffc4d8d0,0x00000000fff50000)
  to   space 7168K, 0% used [0x00000000ff150000,0x00000000ff150000,0x00000000ff850000)
 ParOldGen       total 49152K, used 30020K [0x00000000e8000000, 0x00000000eb000000, 0x00000000fa000000)
  object space 49152K, 61% used [0x00000000e8000000,0x00000000e9d513c0,0x00000000eb000000)
 PSPermGen       total 43520K, used 43348K [0x00000000e0000000, 0x00000000e2a80000, 0x00000000e8000000)
  object space 43520K, 99% used [0x00000000e0000000,0x00000000e2a55078,0x00000000e2a80000)
Event: 5.116 GC heap after
Heap after GC invocations=17 (full 0):
 PSYoungGen      total 90432K, used 7160K [0x00000000fa000000, 0x0000000100000000, 0x0000000100000000)
  eden space 83264K, 0% used [0x00000000fa000000,0x00000000fa000000,0x00000000ff150000)
  from space 7168K, 99% used [0x00000000ff150000,0x00000000ff84e210,0x00000000ff850000)
  to   space 7872K, 0% used [0x00000000ff850000,0x00000000ff850000,0x0000000100000000)
 ParOldGen       total 49152K, used 31977K [0x00000000e8000000, 0x00000000eb000000, 0x00000000fa000000)
  object space 49152K, 65% used [0x00000000e8000000,0x00000000e9f3a4c0,0x00000000eb000000)
 PSPermGen       total 43520K, used 43348K [0x00000000e0000000, 0x00000000e2a80000, 0x00000000e8000000)
  object space 43520K, 99% used [0x00000000e0000000,0x00000000e2a55078,0x00000000e2a80000)
}
Event: 6.129 GC heap before
{Heap before GC invocations=18 (full 0):
 PSYoungGen      total 90432K, used 90424K [0x00000000fa000000, 0x0000000100000000, 0x0000000100000000)
  eden space 83264K, 100% used [0x00000000fa000000,0x00000000ff150000,0x00000000ff150000)
  from space 7168K, 99% used [0x00000000ff150000,0x00000000ff84e210,0x00000000ff850000)
  to   space 7872K, 0% used [0x00000000ff850000,0x00000000ff850000,0x0000000100000000)
 ParOldGen       total 49152K, used 31977K [0x00000000e8000000, 0x00000000eb000000, 0x00000000fa000000)
  object space 49152K, 65% used [0x00000000e8000000,0x00000000e9f3a4c0,0x00000000eb000000)
 PSPermGen       total 45056K, used 44949K [0x00000000e0000000, 0x00000000e2c00000, 0x00000000e8000000)
  object space 45056K, 99% used [0x00000000e0000000,0x00000000e2be56e0,0x00000000e2c00000)
Event: 6.136 GC heap after
Heap after GC invocations=18 (full 0):
 PSYoungGen      total 85824K, used 3801K [0x00000000fa000000, 0x00000000ffe50000, 0x0000000100000000)
  eden space 79680K, 0% used [0x00000000fa000000,0x00000000fa000000,0x00000000fedd0000)
  from space 6144K, 61% used [0x00000000ff850000,0x00000000ffc064d0,0x00000000ffe50000)
  to   space 8448K, 0% used [0x00000000fedd0000,0x00000000fedd0000,0x00000000ff610000)
 ParOldGen       total 54656K, used 49436K [0x00000000e8000000, 0x00000000eb560000, 0x00000000fa000000)
  object space 54656K, 90% used [0x00000000e8000000,0x00000000eb0472e0,0x00000000eb560000)
 PSPermGen       total 45056K, used 44949K [0x00000000e0000000, 0x00000000e2c00000, 0x00000000e8000000)
  object space 45056K, 99% used [0x00000000e0000000,0x00000000e2be56e0,0x00000000e2c00000)
}
Event: 6.136 GC heap before
{Heap before GC invocations=19 (full 1):
 PSYoungGen      total 85824K, used 3801K [0x00000000fa000000, 0x00000000ffe50000, 0x0000000100000000)
  eden space 79680K, 0% used [0x00000000fa000000,0x00000000fa000000,0x00000000fedd0000)
  from space 6144K, 61% used [0x00000000ff850000,0x00000000ffc064d0,0x00000000ffe50000)
  to   space 8448K, 0% used [0x00000000fedd0000,0x00000000fedd0000,0x00000000ff610000)
 ParOldGen       total 54656K, used 49436K [0x00000000e8000000, 0x00000000eb560000, 0x00000000fa000000)
  object space 54656K, 90% used [0x00000000e8000000,0x00000000eb0472e0,0x00000000eb560000)
 PSPermGen       total 45056K, used 44949K [0x00000000e0000000, 0x00000000e2c00000, 0x00000000e8000000)
  object space 45056K, 99% used [0x00000000e0000000,0x00000000e2be56e0,0x00000000e2c00000)

Deoptimization events (10 events):
Event: 5.179 Thread 0x0000000059e42800 Uncommon trap -83 fr.pc 0x0000000024227180
Event: 5.179 Thread 0x0000000059e42800 Uncommon trap -83 fr.pc 0x0000000024214e04
Event: 5.180 Thread 0x0000000059e42800 Uncommon trap -34 fr.pc 0x00000000242330bc
Event: 5.181 Thread 0x0000000059e42800 Uncommon trap -83 fr.pc 0x0000000024227a00
Event: 6.113 Thread 0x0000000075409000 Uncommon trap -58 fr.pc 0x0000000024261b24
Event: 6.114 Thread 0x0000000075409000 Uncommon trap -58 fr.pc 0x0000000024261b24
Event: 6.114 Thread 0x0000000075409000 Uncommon trap -58 fr.pc 0x0000000024261b24
Event: 6.115 Thread 0x0000000075409000 Uncommon trap -58 fr.pc 0x0000000024261b24
Event: 6.116 Thread 0x0000000075409000 Uncommon trap -58 fr.pc 0x0000000024254df4
Event: 6.123 Thread 0x0000000075409000 Uncommon trap -122 fr.pc 0x00000000241cd8d0

Internal exceptions (10 events):
Event: 6.098 Thread 0x0000000075409000 Threw 0x00000000fed6cc40 at C:\jdk7u1_64p\jdk7u11\hotspot\src\share\vm\prims\jvm.cpp:1166
Event: 6.099 Thread 0x0000000075409000 Threw 0x00000000fed83c18 at C:\jdk7u1_64p\jdk7u11\hotspot\src\share\vm\prims\jvm.cpp:1166
Event: 6.099 Thread 0x0000000075409000 Threw 0x00000000fed9cfd8 at C:\jdk7u1_64p\jdk7u11\hotspot\src\share\vm\prims\jvm.cpp:1166
Event: 6.100 Thread 0x0000000075409000 Threw 0x00000000fedb3950 at C:\jdk7u1_64p\jdk7u11\hotspot\src\share\vm\prims\jvm.cpp:1166
Event: 6.100 Thread 0x0000000075409000 Threw 0x00000000fedcc830 at C:\jdk7u1_64p\jdk7u11\hotspot\src\share\vm\prims\jvm.cpp:1166
Event: 6.101 Thread 0x0000000075409000 Threw 0x00000000fedea538 at C:\jdk7u1_64p\jdk7u11\hotspot\src\share\vm\prims\jvm.cpp:1166
Event: 6.101 Thread 0x0000000075409000 Threw 0x00000000fee08300 at C:\jdk7u1_64p\jdk7u11\hotspot\src\share\vm\prims\jvm.cpp:1166
Event: 6.101 Thread 0x0000000075409000 Threw 0x00000000fee22a00 at C:\jdk7u1_64p\jdk7u11\hotspot\src\share\vm\prims\jvm.cpp:1166
Event: 6.123 Thread 0x0000000075409000 Threw 0x00000000fef36ec8 at C:\jdk7u1_64p\jdk7u11\hotspot\src\share\vm\prims\jvm.cpp:1166
Event: 6.124 Thread 0x0000000075409000 Threw 0x00000000fef46650 at C:\jdk7u1_64p\jdk7u11\hotspot\src\share\vm\prims\jvm.cpp:1166

Events (10 events):
Event: 6.122 loading class 0x0000000023a10da0 done
Event: 6.122 loading class 0x00000000596c79f0
Event: 6.122 loading class 0x00000000596c79f0 done
Event: 6.123 Thread 0x0000000075409000 DEOPT PACKING pc=0x00000000241cd8d0 sp=0x00000000d3ffba50
Event: 6.123 Thread 0x0000000075409000 DEOPT UNPACKING pc=0x0000000024079164 sp=0x00000000d3ffba10 mode 2
Event: 6.123 loading class 0x000000007618ea00
Event: 6.123 loading class 0x000000007618ea00 done
Event: 6.124 loading class 0x000000007618ea80
Event: 6.124 loading class 0x000000007618ea80 done
Event: 6.129 Executing VM operation: ParallelGCFailedAllocation


Dynamic libraries:
0x0000000140000000 - 0x0000000140029000 	C:\Program Files\MATLAB\R2013b\bin\win64\MATLAB.exe
0x0000000077ba0000 - 0x0000000077d49000 	C:\Windows\SYSTEM32\ntdll.dll
0x0000000077a80000 - 0x0000000077b9f000 	C:\Windows\system32\kernel32.dll
0x000007fefdc80000 - 0x000007fefdcec000 	C:\Windows\system32\KERNELBASE.dll
0x000000006f060000 - 0x000000006f3dc000 	C:\Program Files\MATLAB\R2013b\bin\win64\libmwservices.dll
0x000000006fe80000 - 0x000000006ff56000 	C:\Program Files\MATLAB\R2013b\bin\win64\libmwi18n.dll
0x000000006fe70000 - 0x000000006fe7d000 	C:\Program Files\MATLAB\R2013b\bin\win64\libmwresource_core.dll
0x0000000074dd0000 - 0x0000000074e68000 	C:\Program Files\MATLAB\R2013b\bin\win64\MSVCP100.dll
0x0000000074cf0000 - 0x0000000074dc2000 	C:\Program Files\MATLAB\R2013b\bin\win64\MSVCR100.dll
0x0000000074f70000 - 0x0000000074f7e000 	C:\Program Files\MATLAB\R2013b\bin\win64\boost_date_time-vc100-mt-1_49.dll
0x0000000074f40000 - 0x0000000074f6c000 	C:\Program Files\MATLAB\R2013b\bin\win64\boost_filesystem-vc100-mt-1_49.dll
0x0000000074f80000 - 0x0000000074f89000 	C:\Program Files\MATLAB\R2013b\bin\win64\boost_system-vc100-mt-1_49.dll
0x000007feff9c0000 - 0x000007feffa9b000 	C:\Windows\system32\ADVAPI32.dll
0x000007feffb70000 - 0x000007feffc0f000 	C:\Windows\system32\msvcrt.dll
0x000007feff620000 - 0x000007feff63f000 	C:\Windows\SYSTEM32\sechost.dll
0x000007feff4f0000 - 0x000007feff61d000 	C:\Windows\system32\RPCRT4.dll
0x0000000074ee0000 - 0x0000000074f05000 	C:\Program Files\MATLAB\R2013b\bin\win64\LIBEXPAT.dll
0x0000000074b60000 - 0x0000000074cea000 	C:\Program Files\MATLAB\R2013b\bin\win64\icuin49.dll
0x0000000074910000 - 0x0000000074a4e000 	C:\Program Files\MATLAB\R2013b\bin\win64\icuuc49.dll
0x0000000004200000 - 0x0000000005322000 	C:\Program Files\MATLAB\R2013b\bin\win64\icudt49.dll
0x0000000074f30000 - 0x0000000074f40000 	C:\Program Files\MATLAB\R2013b\bin\win64\icuio49.dll
0x0000000005340000 - 0x00000000053fb000 	C:\Program Files\MATLAB\R2013b\bin\win64\libut.dll
0x000000006f960000 - 0x000000006fb07000 	C:\Program Files\MATLAB\R2013b\bin\win64\libmwfl.dll
0x0000000005400000 - 0x000000000580f000 	C:\Program Files\MATLAB\R2013b\bin\win64\libmwMATLAB_res.dll
0x0000000074830000 - 0x000000007490f000 	C:\Program Files\MATLAB\R2013b\bin\win64\boost_regex-vc100-mt-1_49.dll
0x0000000077980000 - 0x0000000077a7a000 	C:\Windows\system32\USER32.dll
0x000007fefe050000 - 0x000007fefe0b7000 	C:\Windows\system32\GDI32.dll
0x000007feff910000 - 0x000007feff91e000 	C:\Windows\system32\LPK.dll
0x000007feffaa0000 - 0x000007feffb69000 	C:\Windows\system32\USP10.dll
0x0000000074f10000 - 0x0000000074f21000 	C:\Program Files\MATLAB\R2013b\bin\win64\boost_signals-vc100-mt-1_49.dll
0x0000000074ec0000 - 0x0000000074ed1000 	C:\Program Files\MATLAB\R2013b\bin\win64\boost_thread-vc100-mt-1_49.dll
0x00000000747a0000 - 0x000000007482c000 	C:\Program Files\MATLAB\R2013b\bin\win64\boost_log-vc100-mt-1_49.dll
0x0000000077d60000 - 0x0000000077d67000 	C:\Windows\system32\PSAPI.DLL
0x000007feff4a0000 - 0x000007feff4ed000 	C:\Windows\system32\WS2_32.dll
0x000007fefefd0000 - 0x000007fefefd8000 	C:\Windows\system32\NSI.dll
0x000007fef8840000 - 0x000007fef8873000 	C:\Program Files\MATLAB\R2013b\bin\win64\tbb.dll
0x000007feff1c0000 - 0x000007feff1d9000 	C:\Windows\system32\imagehlp.dll
0x000007fefc730000 - 0x000007fefc75c000 	C:\Windows\system32\POWRPROF.dll
0x000007fefefe0000 - 0x000007feff1b7000 	C:\Windows\system32\SETUPAPI.dll
0x000007fefdc20000 - 0x000007fefdc56000 	C:\Windows\system32\CFGMGR32.dll
0x000007fefdd10000 - 0x000007fefdde7000 	C:\Windows\system32\OLEAUT32.dll
0x000007feff1e0000 - 0x000007feff3e3000 	C:\Windows\system32\ole32.dll
0x000007fefd980000 - 0x000007fefd99a000 	C:\Windows\system32\DEVOBJ.dll
0x0000000005810000 - 0x000000000590b000 	C:\Program Files\MATLAB\R2013b\bin\win64\libmx.dll
0x000007fef8940000 - 0x000007fef8968000 	C:\Program Files\MATLAB\R2013b\bin\win64\tbbmalloc.dll
0x0000000074ea0000 - 0x0000000074eb7000 	C:\Program Files\MATLAB\R2013b\bin\win64\zlib1.dll
0x000000006ef00000 - 0x000000006ef4e000 	C:\Program Files\MATLAB\R2013b\bin\win64\libmwregexp.dll
0x000000006eeb0000 - 0x000000006eef7000 	C:\Program Files\MATLAB\R2013b\bin\win64\mpath.dll
0x0000000005910000 - 0x0000000005f38000 	C:\Program Files\MATLAB\R2013b\bin\win64\mlutil.dll
0x000000006e870000 - 0x000000006e8e7000 	C:\Program Files\MATLAB\R2013b\bin\win64\xmlcore.dll
0x0000000074550000 - 0x0000000074791000 	C:\Program Files\MATLAB\R2013b\bin\win64\xerces-c_2_7.dll
0x000000006e5f0000 - 0x000000006e613000 	C:\Program Files\MATLAB\R2013b\bin\win64\libmwMATLAB_settings_res.dll
0x0000000074e90000 - 0x0000000074ea0000 	C:\Program Files\MATLAB\R2013b\bin\win64\boost_iostreams-vc100-mt-1_49.dll
0x0000000074500000 - 0x0000000074546000 	C:\Program Files\MATLAB\R2013b\bin\win64\boost_serialization-vc100-mt-1_49.dll
0x000007fefe120000 - 0x000007fefeea9000 	C:\Windows\system32\SHELL32.dll
0x000007feff420000 - 0x000007feff491000 	C:\Windows\system32\SHLWAPI.dll
0x000000006e580000 - 0x000000006e586000 	C:\Program Files\MATLAB\R2013b\bin\win64\libmwnativedisplay.dll
0x00000000685f0000 - 0x000000006863d000 	C:\Program Files\MATLAB\R2013b\bin\win64\opccore.dll
0x00000000684f0000 - 0x00000000685c6000 	C:\Program Files\MATLAB\R2013b\bin\win64\opcmodel.dll
0x00000000684c0000 - 0x00000000684ed000 	C:\Program Files\MATLAB\R2013b\bin\win64\opczippackage.dll
0x0000000074e80000 - 0x0000000074e8e000 	C:\Program Files\MATLAB\R2013b\bin\win64\libminizip.dll
0x0000000068340000 - 0x00000000683a6000 	C:\Program Files\MATLAB\R2013b\bin\win64\opcmwservices.dll
0x000007fef9a00000 - 0x000007fef9aa0000 	C:\Windows\WinSxS\amd64_microsoft.windows.common-controls_6595b64144ccf1df_5.82.7601.18837_none_a4d981ff711297b6\COMCTL32.dll
0x000007fefef30000 - 0x000007fefefc7000 	C:\Windows\system32\COMDLG32.dll
0x000007fefab40000 - 0x000007fefab56000 	C:\Windows\system32\NETAPI32.dll
0x000007fefab30000 - 0x000007fefab3c000 	C:\Windows\system32\netutils.dll
0x000007fefd410000 - 0x000007fefd433000 	C:\Windows\system32\srvcli.dll
0x000007fefab10000 - 0x000007fefab25000 	C:\Windows\system32\wkscli.dll
0x000000006e4d0000 - 0x000000006e57d000 	C:\Program Files\MATLAB\R2013b\bin\win64\mcr.dll
0x000000006e110000 - 0x000000006e4d0000 	C:\Program Files\MATLAB\R2013b\bin\win64\iqm.dll
0x0000000180000000 - 0x00000001800c2000 	C:\Program Files\MATLAB\R2013b\bin\win64\m_dispatcher.dll
0x0000000005f50000 - 0x000000000674b000 	C:\Program Files\MATLAB\R2013b\bin\win64\m_interpreter.dll
0x000000006d760000 - 0x000000006d784000 	C:\Program Files\MATLAB\R2013b\bin\win64\libmex.dll
0x000000006d6e0000 - 0x000000006d75b000 	C:\Program Files\MATLAB\R2013b\bin\win64\profiler.dll
0x000000006d450000 - 0x000000006d5c8000 	C:\Program Files\MATLAB\R2013b\bin\win64\libmwmathutil.dll
0x000000006d420000 - 0x000000006d447000 	C:\Program Files\MATLAB\R2013b\bin\win64\libmwmathrng.dll
0x000000006d410000 - 0x000000006d420000 	C:\Program Files\MATLAB\R2013b\bin\win64\libmwmfl_rng.dll
0x0000000006750000 - 0x0000000006868000 	C:\Program Files\MATLAB\R2013b\bin\win64\libmwmathcore.dll
0x000000006d2b0000 - 0x000000006d313000 	C:\Program Files\MATLAB\R2013b\bin\win64\libmwspmatrix.dll
0x0000000006870000 - 0x0000000006ad2000 	C:\Program Files\MATLAB\R2013b\bin\win64\mcos.dll
0x000000006cfc0000 - 0x000000006d01c000 	C:\Program Files\MATLAB\R2013b\bin\win64\libmwcholmod.dll
0x000000006cfb0000 - 0x000000006cfbc000 	C:\Program Files\MATLAB\R2013b\bin\win64\libmwamd.dll
0x000000006cfa0000 - 0x000000006cfab000 	C:\Program Files\MATLAB\R2013b\bin\win64\libmwcolamd.dll
0x000000006cf80000 - 0x000000006cf93000 	C:\Program Files\MATLAB\R2013b\bin\win64\libmwblas.dll
0x000000006cf60000 - 0x000000006cf75000 	C:\Program Files\MATLAB\R2013b\bin\win64\libmwbinder.dll
0x000000006cf50000 - 0x000000006cf5b000 	C:\Program Files\MATLAB\R2013b\bin\win64\libmwompwrapper.dll
0x000000006ced0000 - 0x000000006cf4f000 	C:\Program Files\MATLAB\R2013b\bin\win64\libmwlapack.dll
0x000000006ceb0000 - 0x000000006ced0000 	C:\Program Files\MATLAB\R2013b\bin\win64\m_pcodeio.dll
0x000000006ce50000 - 0x000000006ceac000 	C:\Program Files\MATLAB\R2013b\bin\win64\m_ir.dll
0x0000000006ae0000 - 0x0000000007195000 	C:\Program Files\MATLAB\R2013b\bin\win64\m_parser.dll
0x000000006c780000 - 0x000000006c797000 	C:\Program Files\MATLAB\R2013b\bin\win64\ir_xfmr.dll
0x000000006c770000 - 0x000000006c780000 	C:\Program Files\MATLAB\R2013b\bin\win64\mtok.dll
0x000000006c740000 - 0x000000006c768000 	C:\Program Files\MATLAB\R2013b\bin\win64\m_pcodegen.dll
0x000007fee8560000 - 0x000007fee8685000 	C:\Windows\system32\dbghelp.dll
0x000000006c710000 - 0x000000006c73f000 	C:\Program Files\MATLAB\R2013b\bin\win64\libmwbridge.dll
0x000000006c650000 - 0x000000006c706000 	C:\Program Files\MATLAB\R2013b\bin\win64\udd.dll
0x00000000071a0000 - 0x00000000072f1000 	C:\Program Files\MATLAB\R2013b\bin\win64\libmwgui.dll
0x000000006c4d0000 - 0x000000006c4f8000 	C:\Program Files\MATLAB\R2013b\bin\win64\graphics_util.dll
0x0000000074440000 - 0x00000000744f8000 	C:\Program Files\MATLAB\R2013b\bin\win64\libtex_base.dll
0x000000006bac0000 - 0x000000006c426000 	C:\Program Files\MATLAB\R2013b\bin\win64\hg.dll
0x000000006ba60000 - 0x000000006babd000 	C:\Program Files\MATLAB\R2013b\bin\win64\libmat.dll
0x000000006b850000 - 0x000000006ba58000 	C:\Program Files\MATLAB\R2013b\bin\win64\hdf5dll.dll
0x000000006b780000 - 0x000000006b848000 	C:\Program Files\MATLAB\R2013b\bin\win64\jmi.dll
0x000000006b770000 - 0x000000006b77e000 	C:\Program Files\MATLAB\R2013b\bin\win64\nativejava_services.dll
0x0000000007310000 - 0x0000000007352000 	C:\Program Files\MATLAB\R2013b\bin\win64\libmwhardcopy.dll
0x000000006b6d0000 - 0x000000006b72e000 	C:\Program Files\MATLAB\R2013b\bin\win64\libuij.dll
0x000000006b490000 - 0x000000006b695000 	C:\Program Files\MATLAB\R2013b\bin\win64\hgdatatypes.dll
0x0000000007360000 - 0x0000000007472000 	C:\Program Files\MATLAB\R2013b\bin\win64\hgutils.dll
0x000000006b2f0000 - 0x000000006b39e000 	C:\Program Files\MATLAB\R2013b\bin\win64\udd_mi.dll
0x000000006b2b0000 - 0x000000006b2e6000 	C:\Program Files\MATLAB\R2013b\bin\win64\libmwgbtutils.dll
0x000000006b290000 - 0x000000006b2a3000 	C:\Program Files\MATLAB\R2013b\bin\win64\libmwgbt.dll
0x000000006afc0000 - 0x000000006b28f000 	C:\Program Files\MATLAB\R2013b\bin\win64\uiw.dll
0x000000006afb0000 - 0x000000006afb9000 	C:\Program Files\MATLAB\R2013b\bin\win64\uinone.dll
0x000000006af80000 - 0x000000006afac000 	C:\Program Files\MATLAB\R2013b\bin\win64\libmwnativedialogs.dll
0x000000006af70000 - 0x000000006af7c000 	C:\Program Files\MATLAB\R2013b\bin\win64\libmwplatform_res.dll
0x000007fef7660000 - 0x000007fef7678000 	C:\Windows\system32\MPR.dll
0x0000000072540000 - 0x0000000072a9d000 	C:\Program Files\MATLAB\R2013b\bin\win64\mfc100.dll
0x000007fef8830000 - 0x000007fef8837000 	C:\Windows\system32\MSIMG32.dll
0x000007fef8280000 - 0x000007fef82f1000 	C:\Windows\system32\WINSPOOL.DRV
0x000000006af50000 - 0x000000006af6d000 	C:\Program Files\MATLAB\R2013b\bin\win64\mwoles05.DLL
0x000000006aee0000 - 0x000000006af4c000 	C:\Program Files\MATLAB\R2013b\bin\win64\comcli.dll
0x0000000074410000 - 0x000000007443b000 	C:\Program Files\MATLAB\R2013b\bin\win64\ATL100.DLL
0x000000006aed0000 - 0x000000006aedc000 	C:\Program Files\MATLAB\R2013b\bin\win64\mlautoregister.dll
0x0000000007490000 - 0x00000000075ff000 	C:\Program Files\MATLAB\R2013b\bin\win64\mvm.dll
0x000007feff3f0000 - 0x000007feff41e000 	C:\Windows\system32\IMM32.DLL
0x000007feffda0000 - 0x000007feffea9000 	C:\Windows\system32\MSCTF.dll
0x000007fefa460000 - 0x000007fefa4b6000 	C:\Windows\system32\UxTheme.dll
0x000007fef9ef0000 - 0x000007fef9f08000 	C:\Windows\system32\dwmapi.dll

VM Arguments:
jvm_args: -XX:PermSize=32m -Xms64m -XX:NewRatio=3 -XX:MaxPermSize=128m -Xmx384m -XX:MaxDirectMemorySize=2147400000 -Dsun.java2d.noddraw=true -Dsun.awt.nopixfmt=true -Xshare:off -Xrs -XX:-UseSplitVerifier -Djava.library.path=C:\Program Files\MATLAB\R2013b\bin\win64;C:\Program Files\MATLAB\R2013b\sys\jxbrowser\win64\lib vfprintf abort -Duser.language=en -Duser.country=US 
java_command: <unknown>
Launcher Type: generic

Environment Variables:
PATH=C:\Python32\;C:\Program Files\IMOD\bin;C:\Windows\system32;C:\Windows;C:\Windows\System32\Wbem;C:\Windows\System32\WindowsPowerShell\v1.0\;C:\Program Files (x86)\ATI Technologies\ATI.ACE\Core-Static;C:\Program Files\MATLAB\R2013b\bin;C:\Program Files\SlikSvn\bin
USERNAME=DeBello Lab
OS=Windows_NT
PROCESSOR_IDENTIFIER=Intel64 Family 6 Model 60 Stepping 3, GenuineIntel



---------------  S Y S T E M  ---------------

OS: Windows 7 , 64 bit Build 7601 Service Pack 1

CPU:total 4 (4 cores per cpu, 1 threads per core) family 6 model 60 stepping 3, cmov, cx8, fxsr, mmx, sse, sse2, sse3, ssse3, sse4.1, sse4.2, popcnt, avx, avx2, tsc, tscinvbit

Memory: 4k page, physical 16715088k(14823240k free), swap 33428336k(31446172k free)

vm_info: Java HotSpot(TM) 64-Bit Server VM (23.6-b04) for windows-amd64 JRE (1.7.0_11-b21), built on Jan 12 2013 02:38:42 by "java_re" with unknown MS VC++:1600

time: Fri Oct 16 10:01:06 2015
elapsed time: 6 seconds

