#
# A fatal error has been detected by the Java Runtime Environment:
#
#  EXCEPTION_ACCESS_VIOLATION (0xc0000005) at pc=0x000000006b1dcd26, pid=1852, tid=1508
#
# JRE version: Java(TM) SE Runtime Environment (7.0_60-b19) (build 1.7.0_60-b19)
# Java VM: Java HotSpot(TM) 64-Bit Server VM (24.60-b09 mixed mode windows-amd64 compressed oops)
# Problematic frame:
# V  [jvm.dll+0xecd26]
#
# Failed to write core dump. Minidumps are not enabled by default on client versions of Windows
#
# If you would like to submit a bug report, please visit:
#   http://bugreport.sun.com/bugreport/crash.jsp
#

---------------  T H R E A D  ---------------

Current thread (0x00000000020af000):  JavaThread "main" [_thread_in_vm, id=1508, stack(0x00000000024b0000,0x00000000025b0000)]

siginfo: ExceptionCode=0xc0000005, reading address 0x00000006ffd51bb0

Registers:
RAX=0x0000000000000011, RBX=0x00000006ffd51ba0, RCX=0x0000000000000003, RDX=0x0000000002166900
RSP=0x00000000025ad810, RBP=0x0000000000000000, RSI=0x0000000002166e80, RDI=0x0000000000000011
R8 =0x0000000002166e80, R9 =0x0000000000000001, R10=0x000000000000000c, R11=0x00000000020afcd0
R12=0x0000000002166900, R13=0x0000000000000022, R14=0x0000000002166e80, R15=0x00000006fbd4ff58
RIP=0x000000006b1dcd26, EFLAGS=0x0000000000010206

Top of Stack: (sp=0x00000000025ad810)
0x00000000025ad810:   00000000025ad9f0 00000000025ad8d0
0x00000000025ad820:   0000000000000000 0000000000000000
0x00000000025ad830:   0000000002166900 0000000002166900
0x00000000025ad840:   0000000002166e80 0000000002166e80
0x00000000025ad850:   0000000002166900 00000000020af000
0x00000000025ad860:   00000006fbd51ed0 000000006b1de742
0x00000000025ad870:   0000000002174de1 0000000002166900
0x00000000025ad880:   0000000002166e80 00000000020af000
0x00000000025ad890:   0000000000000000 000000006b19074e
0x00000000025ad8a0:   00000000025adc10 0000000000000000
0x00000000025ad8b0:   0000000002174fa0 00000000020af000
0x00000000025ad8c0:   00000006fbdc2e68 000000006b1de742
0x00000000025ad8d0:   0000000002175101 0000000002174fa0
0x00000000025ad8e0:   0000000002175100 0000000002175100
0x00000000025ad8f0:   00000000025adc70 000000006b190c55
0x00000000025ad900:   00000000020e9aa0 0000000000000000 

Instructions: (pc=0x000000006b1dcd26)
0x000000006b1dcd06:   75 04 33 db eb 1a 48 8b d9 8b 0d a3 7b 60 00 48
0x000000006b1dcd16:   d3 e3 48 03 1d 91 7b 60 00 eb 05 49 8b 5c c7 18
0x000000006b1dcd26:   48 8b 43 10 0f b7 48 38 48 8b 50 20 48 8b 44 ca
0x000000006b1dcd36:   40 44 8b c1 48 89 44 24 60 48 8b 44 24 60 48 85 


Register to memory mapping:

RAX=0x0000000000000011 is an unknown value
RBX=0x00000006ffd51ba0 is an unallocated location in the heap
RCX=0x0000000000000003 is an unknown value
RDX=0x0000000002166900 is an unknown value
RSP=0x00000000025ad810 is pointing into the stack for thread: 0x00000000020af000
RBP=0x0000000000000000 is an unknown value
RSI=0x0000000002166e80 is an unknown value
RDI=0x0000000000000011 is an unknown value
R8 =0x0000000002166e80 is an unknown value
R9 =0x0000000000000001 is an unknown value
R10=0x000000000000000c is an unknown value
R11=0x00000000020afcd0 is an unknown value
R12=0x0000000002166900 is an unknown value
R13=0x0000000000000022 is an unknown value
R14=0x0000000002166e80 is an unknown value
R15=0x00000006fbd4ff58 is an oop
[[I 
 - klass: 'java/lang/Object'[]
 - length: 35


Stack: [0x00000000024b0000,0x00000000025b0000],  sp=0x00000000025ad810,  free space=1014k
Native frames: (J=compiled Java code, j=interpreted, Vv=VM code, C=native code)
V  [jvm.dll+0xecd26]

[error occurred during error reporting (printing native stack), id 0xc0000005]

Java frames: (J=compiled Java code, j=interpreted, Vv=VM code)
j  sun.nio.cs.StreamDecoder.forInputStreamReader(Ljava/io/InputStream;Ljava/lang/Object;Ljava/lang/String;)Lsun/nio/cs/StreamDecoder;+6
j  java.io.InputStreamReader.<init>(Ljava/io/InputStream;)V+12
j  java.io.FileReader.<init>(Ljava/io/File;)V+9
j  sun.misc.MetaIndex.registerDirectory(Ljava/io/File;)V+27
j  sun.misc.Launcher$ExtClassLoader$1.run()Lsun/misc/Launcher$ExtClassLoader;+19
j  sun.misc.Launcher$ExtClassLoader$1.run()Ljava/lang/Object;+1
v  ~StubRoutines::call_stub
j  java.security.AccessController.doPrivileged(Ljava/security/PrivilegedExceptionAction;)Ljava/lang/Object;+0
j  sun.misc.Launcher$ExtClassLoader.getExtClassLoader()Lsun/misc/Launcher$ExtClassLoader;+12
j  sun.misc.Launcher.<init>()V+4
j  sun.misc.Launcher.<clinit>()V+15
v  ~StubRoutines::call_stub
j  java.lang.ClassLoader.initSystemClassLoader()V+22
j  java.lang.ClassLoader.getSystemClassLoader()Ljava/lang/ClassLoader;+0
v  ~StubRoutines::call_stub

---------------  P R O C E S S  ---------------

Java Threads: ( => current thread )
  0x000000000f315800 JavaThread "Finalizer" daemon [_thread_blocked, id=1948, stack(0x0000000010710000,0x0000000010810000)]
  0x000000000f30e000 JavaThread "Reference Handler" daemon [_thread_blocked, id=1240, stack(0x0000000010590000,0x0000000010690000)]
=>0x00000000020af000 JavaThread "main" [_thread_in_vm, id=1508, stack(0x00000000024b0000,0x00000000025b0000)]

Other Threads:
  0x000000000f307800 VMThread [stack: 0x0000000010450000,0x0000000010550000] [id=1680]

VM state:not at safepoint (normal execution)

VM Mutex/Monitor currently owned by a thread: None

Heap
 PSYoungGen      total 76288K, used 2621K [0x00000007aaf00000, 0x00000007b0400000, 0x0000000800000000)
  eden space 65536K, 4% used [0x00000007aaf00000,0x00000007ab18f6e8,0x00000007aef00000)
  from space 10752K, 0% used [0x00000007af980000,0x00000007af980000,0x00000007b0400000)
  to   space 10752K, 0% used [0x00000007aef00000,0x00000007aef00000,0x00000007af980000)
 ParOldGen       total 174080K, used 0K [0x0000000700e00000, 0x000000070b800000, 0x00000007aaf00000)
  object space 174080K, 0% used [0x0000000700e00000,0x0000000700e00000,0x000000070b800000)
 PSPermGen       total 21504K, used 1806K [0x00000006fbc00000, 0x00000006fd100000, 0x0000000700e00000)
  object space 21504K, 8% used [0x00000006fbc00000,0x00000006fbdc3ab0,0x00000006fd100000)

Card table byte_map: [0x00000000055b0000,0x0000000005de0000] byte_map_base: 0x0000000001dd2000

Polling page: 0x0000000001b60000

Code Cache  [0x00000000025b0000, 0x0000000002820000, 0x00000000055b0000)
 total_blobs=147 nmethods=0 adapters=115 free_code_cache=48783Kb largest_free_block=49954048

Compilation events (0 events):
No events

GC Heap History (0 events):
No events

Deoptimization events (0 events):
No events

Internal exceptions (1 events):
Event: 0.017 Thread 0x00000000020af000 Threw 0x00000007aaf0c3c0 at C:\re\jdk7u60\1081\hotspot\src\share\vm\prims\jni.cpp:3991

Events (10 events):
Event: 0.026 loading class 0x0000000002174e80
Event: 0.026 loading class 0x0000000002174e80 done
Event: 0.027 loading class 0x000000000212ea90 done
Event: 0.027 loading class 0x000000000212eab0 done
Event: 0.027 loading class 0x0000000002174b60
Event: 0.027 loading class 0x0000000002174f50
Event: 0.027 loading class 0x0000000002174f50 done
Event: 0.027 loading class 0x0000000002174b60 done
Event: 0.027 loading class 0x0000000002174fd0
Event: 0.027 loading class 0x0000000002174fd0 done


Dynamic libraries:
0x000000013fba0000 - 0x000000013fbd3000 	C:\Program Files\MATLAB\R2015a\sys\java\jre\win64\jre\bin\java.exe
0x0000000077a30000 - 0x0000000077bdb000 	C:\Windows\SYSTEM32\ntdll.dll
0x0000000077910000 - 0x0000000077a2f000 	C:\Windows\system32\kernel32.dll
0x000007fefda00000 - 0x000007fefda6a000 	C:\Windows\system32\KERNELBASE.dll
0x000007fefee10000 - 0x000007fefeeeb000 	C:\Windows\system32\ADVAPI32.dll
0x000007fefebb0000 - 0x000007fefec4f000 	C:\Windows\system32\msvcrt.dll
0x000007fefde00000 - 0x000007fefde1f000 	C:\Windows\SYSTEM32\sechost.dll
0x000007feffc10000 - 0x000007feffd3d000 	C:\Windows\system32\RPCRT4.dll
0x0000000077810000 - 0x000000007790a000 	C:\Windows\system32\USER32.dll
0x000007feff260000 - 0x000007feff2c7000 	C:\Windows\system32\GDI32.dll
0x000007fefed20000 - 0x000007fefed2e000 	C:\Windows\system32\LPK.dll
0x000007fefec50000 - 0x000007fefed1a000 	C:\Windows\system32\USP10.dll
0x000007fefc2d0000 - 0x000007fefc4c4000 	C:\Windows\WinSxS\amd64_microsoft.windows.common-controls_6595b64144ccf1df_6.0.7601.18837_none_fa3b1e3d17594757\COMCTL32.dll
0x000007feff450000 - 0x000007feff4c1000 	C:\Windows\system32\SHLWAPI.dll
0x000007feff5e0000 - 0x000007feff60e000 	C:\Windows\system32\IMM32.DLL
0x000007feff4d0000 - 0x000007feff5d9000 	C:\Windows\system32\MSCTF.dll
0x000000006ae70000 - 0x000000006af42000 	C:\Program Files\MATLAB\R2015a\sys\java\jre\win64\jre\bin\msvcr100.dll
0x000000006b0f0000 - 0x000000006b8c2000 	C:\Program Files\MATLAB\R2015a\sys\java\jre\win64\jre\bin\server\jvm.dll
0x000007fef67e0000 - 0x000007fef67e9000 	C:\Windows\system32\WSOCK32.dll
0x000007feff2d0000 - 0x000007feff31d000 	C:\Windows\system32\WS2_32.dll
0x000007feff3a0000 - 0x000007feff3a8000 	C:\Windows\system32\NSI.dll
0x000007fefb100000 - 0x000007fefb13b000 	C:\Windows\system32\WINMM.dll
0x0000000077c00000 - 0x0000000077c07000 	C:\Windows\system32\PSAPI.DLL
0x0000000074610000 - 0x000000007461f000 	C:\Program Files\MATLAB\R2015a\sys\java\jre\win64\jre\bin\verify.dll
0x00000000745e0000 - 0x0000000074608000 	C:\Program Files\MATLAB\R2015a\sys\java\jre\win64\jre\bin\java.dll
0x00000000745c0000 - 0x00000000745d5000 	C:\Program Files\MATLAB\R2015a\sys\java\jre\win64\jre\bin\zip.dll
0x000007fef2d80000 - 0x000007fef2ea5000 	C:\Windows\system32\dbghelp.dll

VM Arguments:
java_command: com.mathworks.fatalexit.FatalExitFrame C:\Users\DEBELL~1\AppData\Local\Temp\matlab_crash_dump.2964-1
Launcher Type: SUN_STANDARD

Environment Variables:
PATH=C:\Program Files\MATLAB\R2015a\bin\win64;C:\Program Files (x86)\Intel\iCLS Client\;C:\Program Files\Intel\iCLS Client\;C:\Windows\system32;C:\Windows;C:\Windows\System32\Wbem;C:\Windows\System32\WindowsPowerShell\v1.0\;C:\Program Files (x86)\AMD\ATI.ACE\Core-Static;C:\Program Files\MATLAB\R2015a\bin;C:\Program Files\Intel\Intel(R) Management Engine Components\DAL;C:\Program Files\Intel\Intel(R) Management Engine Components\IPT;C:\Program Files (x86)\Intel\Intel(R) Management Engine Components\DAL;C:\Program Files (x86)\Intel\Intel(R) Management Engine Components\IPT
USERNAME=DeBello Rig
OS=Windows_NT
PROCESSOR_IDENTIFIER=Intel64 Family 6 Model 60 Stepping 3, GenuineIntel



---------------  S Y S T E M  ---------------

OS: Windows 7 , 64 bit Build 7601 Service Pack 1

CPU:total 4 (4 cores per cpu, 1 threads per core) family 6 model 60 stepping 3, cmov, cx8, fxsr, mmx, sse, sse2, sse3, ssse3, sse4.1, sse4.2, popcnt, avx, avx2, aes, erms, tsc, tscinvbit

Memory: 4k page, physical 16715088k(14966116k free), swap 33428316k(31145612k free)

vm_info: Java HotSpot(TM) 64-Bit Server VM (24.60-b09) for windows-amd64 JRE (1.7.0_60-b19), built on May  7 2014 12:55:18 by "java_re" with unknown MS VC++:1600

time: Thu Nov 17 14:17:14 2016
elapsed time: 0 seconds

