#
# A fatal error has been detected by the Java Runtime Environment:
#
#  EXCEPTION_ACCESS_VIOLATION (0xc0000005) at pc=0x00000000704762bd, pid=2892, tid=2280
#
# JRE version: 7.0_11-b21
# Java VM: Java HotSpot(TM) 64-Bit Server VM (23.6-b04 mixed mode windows-amd64 compressed oops)
# Problematic frame:
# C  0x00000000704762bd
#
# Failed to write core dump. Minidumps are not enabled by default on client versions of Windows
#
# If you would like to submit a bug report, please visit:
#   http://bugreport.sun.com/bugreport/crash.jsp
#

---------------  T H R E A D  ---------------

Current thread (0x00000000228a5800):  JavaThread "C2 CompilerThread0" daemon [_thread_in_native, id=2280, stack(0x0000000048450000,0x000000004c450000)]

siginfo: ExceptionCode=0xc0000005, reading address 0xffffffffffffffff

Registers:
RAX=0x0000000075fc3d00, RBX=0x0059000000000000, RCX=0x000000004c44c610, RDX=0x0000000000004000
RSP=0x000000004c44c150, RBP=0x0000000075efae00, RSI=0x000000000000001d, RDI=0x000000004c44c630
R8 =0x0000000075eedae1, R9 =0x0000000000000000, R10=0x00000000229850c0, R11=0x0000000000000000
R12=0x0000000000000002, R13=0x0000000000000010, R14=0x0000000075efae00, R15=0x000000004c44c2c8
RIP=0x00000000704762bd, EFLAGS=0x0000000000010206

Top of Stack: (sp=0x000000004c44c150)
0x000000004c44c150:   000000002287ab50 00000000700fb174
0x000000004c44c160:   000000002299ae70 000000004c44c258
0x000000004c44c170:   000000004c44c610 0000000070476411
0x000000004c44c180:   00000000000000a0 0000000075eedae0
0x000000004c44c190:   0000000058dfd4a0 000000004c44c258
0x000000004c44c1a0:   0000000000000003 000000004c44c258
0x000000004c44c1b0:   000000004c44c630 0000000070479721
0x000000004c44c1c0:   0000000075efae00 000000004c44c278
0x000000004c44c1d0:   0000000022983e88 000000000000008e
0x000000004c44c1e0:   0000000076360b60 000000002287ab50
0x000000004c44c1f0:   000000004c44c610 000000000001c200
0x000000004c44c200:   000000004c44c330 0000000058dfd510
0x000000004c44c210:   0000000000000002 0000000000000000
0x000000004c44c220:   000000000001c200 000000007047c9a0
0x000000004c44c230:   000000004c44c610 000000004c44c278
0x000000004c44c240:   0000000000000003 000000004c44c2c8 

Instructions: (pc=0x00000000704762bd)
0x000000007047629d:   ec 20 8b 72 28 8b 51 28 48 8d 79 20 3b f2 73 0a
0x00000000704762ad:   48 8b 47 10 48 8b 1c f0 eb 02 33 db 48 83 e3 fe
0x00000000704762bd:   48 8b 43 08 48 83 38 00 75 34 8b 43 28 3b c2 73
0x00000000704762cd:   0c 8b c8 48 8b 47 10 48 8b 1c c8 eb 02 33 db 48 


Register to memory mapping:

RAX=0x0000000075fc3d00 is an unknown value
RBX=0x0059000000000000 is an unknown value
RCX=0x000000004c44c610 is pointing into the stack for thread: 0x00000000228a5800
RDX=0x0000000000004000 is an unknown value
RSP=0x000000004c44c150 is pointing into the stack for thread: 0x00000000228a5800
RBP=0x0000000075efae00 is an unknown value
RSI=0x000000000000001d is an unknown value
RDI=0x000000004c44c630 is pointing into the stack for thread: 0x00000000228a5800
R8 =0x0000000075eedae1 is an unknown value
R9 =0x0000000000000000 is an unknown value
R10=0x00000000229850c0 is an unknown value
R11=0x0000000000000000 is an unknown value
R12=0x0000000000000002 is an unknown value
R13=0x0000000000000010 is an unknown value
R14=0x0000000075efae00 is an unknown value
R15=0x000000004c44c2c8 is pointing into the stack for thread: 0x00000000228a5800


Stack: [0x0000000048450000,0x000000004c450000],  sp=0x000000004c44c150,  free space=65520k
Native frames: (J=compiled Java code, j=interpreted, Vv=VM code, C=native code)
C  0x00000000704762bd


Current CompileTask:
C2:   6293  348   !         sun.awt.image.PNGImageDecoder::produceImage (1920 bytes)


---------------  P R O C E S S  ---------------

Java Threads: ( => current thread )
  0x0000000058e12800 JavaThread "Thread-4" daemon [_thread_blocked, id=3192, stack(0x00000000b8000000,0x00000000bc000000)]
  0x0000000058e11000 JavaThread "Image Fetcher 2" daemon [_thread_blocked, id=3188, stack(0x00000000b4000000,0x00000000b8000000)]
  0x0000000058e14000 JavaThread "TimerQueue" daemon [_thread_blocked, id=3140, stack(0x00000000a4000000,0x00000000a8000000)]
  0x0000000058e0f800 JavaThread "Thread-3" daemon [_thread_blocked, id=3136, stack(0x0000000094000000,0x0000000098000000)]
  0x0000000058e0f000 JavaThread "FelixPackageAdmin" daemon [_thread_blocked, id=3128, stack(0x00000000a0000000,0x00000000a4000000)]
  0x0000000058ae7800 JavaThread "FelixStartLevel" daemon [_thread_blocked, id=3120, stack(0x000000009c000000,0x00000000a0000000)]
  0x0000000058a6e800 JavaThread "FelixDispatchQueue" daemon [_thread_blocked, id=3108, stack(0x0000000098000000,0x000000009c000000)]
  0x0000000058ce2000 JavaThread "AWT-EventQueue-0" [_thread_in_vm, id=3088, stack(0x0000000090000000,0x0000000094000000)]
  0x0000000058ab0800 JavaThread "Image Fetcher 1" daemon [_thread_blocked, id=3084, stack(0x000000008c000000,0x0000000090000000)]
  0x0000000058a06800 JavaThread "com.google.common.base.internal.Finalizer" daemon [_thread_blocked, id=2924, stack(0x0000000088000000,0x000000008c000000)]
  0x0000000058990000 JavaThread "Image Fetcher 0" daemon [_thread_blocked, id=2200, stack(0x0000000084000000,0x0000000088000000)]
  0x00000000588e7000 JavaThread "AWT-Windows" daemon [_thread_in_native, id=1984, stack(0x0000000080000000,0x0000000084000000)]
  0x00000000588e6000 JavaThread "AWT-Shutdown" [_thread_blocked, id=1980, stack(0x0000000077960000,0x000000007b960000)]
  0x0000000058908800 JavaThread "Java2D Disposer" daemon [_thread_blocked, id=2932, stack(0x0000000061680000,0x0000000065680000)]
  0x0000000058698000 JavaThread "Timer-0" [_thread_blocked, id=2592, stack(0x000000005d5c0000,0x00000000615c0000)]
  0x00000000586c0800 JavaThread "EventMgr Dispatcher" daemon [_thread_in_native, id=2672, stack(0x00000000595c0000,0x000000005d5c0000)]
  0x00000000228ab000 JavaThread "Service Thread" daemon [_thread_blocked, id=1168, stack(0x0000000050450000,0x0000000054450000)]
  0x00000000228aa000 JavaThread "C2 CompilerThread1" daemon [_thread_blocked, id=1224, stack(0x000000004c450000,0x0000000050450000)]
=>0x00000000228a5800 JavaThread "C2 CompilerThread0" daemon [_thread_in_native, id=2280, stack(0x0000000048450000,0x000000004c450000)]
  0x00000000228a4800 JavaThread "Attach Listener" daemon [_thread_blocked, id=2220, stack(0x0000000044450000,0x0000000048450000)]
  0x0000000022819800 JavaThread "Finalizer" daemon [_thread_blocked, id=2608, stack(0x0000000040450000,0x0000000044450000)]
  0x000000002280f000 JavaThread "Reference Handler" daemon [_thread_blocked, id=2600, stack(0x000000003c450000,0x0000000040450000)]
  0x0000000021c68800 JavaThread "main" [_thread_in_native, id=2888, stack(0x0000000000030000,0x0000000004030000)]

Other Threads:
  0x000000002280c000 VMThread [stack: 0x0000000038450000,0x000000003c450000] [id=1408]
  0x00000000228cb800 WatcherThread [stack: 0x0000000054450000,0x0000000058450000] [id=1988]

VM state:not at safepoint (normal execution)

VM Mutex/Monitor currently owned by a thread: None

Heap
 PSYoungGen      total 89664K, used 79797K [0x00000000fa000000, 0x0000000100000000, 0x0000000100000000)
  eden space 81024K, 95% used [0x00000000fa000000,0x00000000feb67f30,0x00000000fef20000)
  from space 8640K, 29% used [0x00000000fef20000,0x00000000ff1a55f8,0x00000000ff790000)
  to   space 8512K, 0% used [0x00000000ff7b0000,0x00000000ff7b0000,0x0000000100000000)
 ParOldGen       total 49152K, used 22029K [0x00000000e8000000, 0x00000000eb000000, 0x00000000fa000000)
  object space 49152K, 44% used [0x00000000e8000000,0x00000000e95837d8,0x00000000eb000000)
 PSPermGen       total 32768K, used 27754K [0x00000000e0000000, 0x00000000e2000000, 0x00000000e8000000)
  object space 32768K, 84% used [0x00000000e0000000,0x00000000e1b1a860,0x00000000e2000000)

Card table byte_map: [0x0000000025f50000,0x0000000026060000] byte_map_base: 0x0000000025850000

Polling page: 0x0000000007f40000

Code Cache  [0x0000000022e90000, 0x0000000023100000, 0x0000000025e90000)
 total_blobs=861 nmethods=334 adapters=478 free_code_cache=47814Kb largest_free_block=48903296

Compilation events (10 events):
Event: 6.215 Thread 0x00000000228a5800  347             java.util.regex.Pattern::peek (26 bytes)
Event: 6.215 Thread 0x00000000228a5800 nmethod 347 0x0000000022fbedd0 code [0x0000000022fbef20, 0x0000000022fbefe8]
Event: 6.216 Thread 0x00000000228a5800  348   !         sun.awt.image.PNGImageDecoder::produceImage (1920 bytes)
Event: 6.229 Thread 0x00000000228aa000 nmethod 343 0x0000000022fe2950 code [0x0000000022fe3340, 0x0000000022fe7e48]
Event: 6.246 Thread 0x00000000228aa000  349             java.util.regex.Pattern::compile (406 bytes)
Event: 6.263 Thread 0x00000000228aa000 nmethod 349 0x0000000022fdcc10 code [0x0000000022fdcf00, 0x0000000022fde658]
Event: 6.263 Thread 0x00000000228aa000  350             java.io.BufferedInputStream::read1 (108 bytes)
Event: 6.267 Thread 0x00000000228aa000 nmethod 350 0x0000000022fc0650 code [0x0000000022fc07c0, 0x0000000022fc0db8]
Event: 6.273 Thread 0x00000000228aa000  351             java.util.regex.Matcher::match (109 bytes)
Event: 6.274 Thread 0x00000000228aa000 nmethod 351 0x0000000022f53e90 code [0x0000000022f53fe0, 0x0000000022f54118]

GC Heap History (10 events):
Event: 4.091 GC heap before
{Heap before GC invocations=7 (full 0):
 PSYoungGen      total 52480K, used 52418K [0x00000000fa000000, 0x00000000fd780000, 0x0000000100000000)
  eden space 48896K, 100% used [0x00000000fa000000,0x00000000fcfc0000,0x00000000fcfc0000)
  from space 3584K, 98% used [0x00000000fd380000,0x00000000fd6f0858,0x00000000fd700000)
  to   space 3840K, 0% used [0x00000000fcfc0000,0x00000000fcfc0000,0x00000000fd380000)
 ParOldGen       total 49152K, used 4009K [0x00000000e8000000, 0x00000000eb000000, 0x00000000fa000000)
  object space 49152K, 8% used [0x00000000e8000000,0x00000000e83ea5f0,0x00000000eb000000)
 PSPermGen       total 32768K, used 16530K [0x00000000e0000000, 0x00000000e2000000, 0x00000000e8000000)
  object space 32768K, 50% used [0x00000000e0000000,0x00000000e10249d0,0x00000000e2000000)
Event: 4.101 GC heap after
Heap after GC invocations=7 (full 0):
 PSYoungGen      total 52736K, used 2778K [0x00000000fa000000, 0x0000000100000000, 0x0000000100000000)
  eden space 48896K, 0% used [0x00000000fa000000,0x00000000fa000000,0x00000000fcfc0000)
  from space 3840K, 72% used [0x00000000fcfc0000,0x00000000fd2768c0,0x00000000fd380000)
  to   space 3776K, 0% used [0x00000000ffc50000,0x00000000ffc50000,0x0000000100000000)
 ParOldGen       total 49152K, used 5297K [0x00000000e8000000, 0x00000000eb000000, 0x00000000fa000000)
  object space 49152K, 10% used [0x00000000e8000000,0x00000000e852c668,0x00000000eb000000)
 PSPermGen       total 32768K, used 16530K [0x00000000e0000000, 0x00000000e2000000, 0x00000000e8000000)
  object space 32768K, 50% used [0x00000000e0000000,0x00000000e10249d0,0x00000000e2000000)
}
Event: 4.287 GC heap before
{Heap before GC invocations=8 (full 0):
 PSYoungGen      total 52736K, used 51674K [0x00000000fa000000, 0x0000000100000000, 0x0000000100000000)
  eden space 48896K, 100% used [0x00000000fa000000,0x00000000fcfc0000,0x00000000fcfc0000)
  from space 3840K, 72% used [0x00000000fcfc0000,0x00000000fd2768c0,0x00000000fd380000)
  to   space 3776K, 0% used [0x00000000ffc50000,0x00000000ffc50000,0x0000000100000000)
 ParOldGen       total 49152K, used 5297K [0x00000000e8000000, 0x00000000eb000000, 0x00000000fa000000)
  object space 49152K, 10% used [0x00000000e8000000,0x00000000e852c668,0x00000000eb000000)
 PSPermGen       total 32768K, used 17464K [0x00000000e0000000, 0x00000000e2000000, 0x00000000e8000000)
  object space 32768K, 53% used [0x00000000e0000000,0x00000000e110e300,0x00000000e2000000)
Event: 4.293 GC heap after
Heap after GC invocations=8 (full 0):
 PSYoungGen      total 94400K, used 3271K [0x00000000fa000000, 0x0000000100000000, 0x0000000100000000)
  eden space 90624K, 0% used [0x00000000fa000000,0x00000000fa000000,0x00000000ff880000)
  from space 3776K, 86% used [0x00000000ffc50000,0x00000000fff81f30,0x0000000100000000)
  to   space 3840K, 0% used [0x00000000ff880000,0x00000000ff880000,0x00000000ffc40000)
 ParOldGen       total 49152K, used 5807K [0x00000000e8000000, 0x00000000eb000000, 0x00000000fa000000)
  object space 49152K, 11% used [0x00000000e8000000,0x00000000e85abe90,0x00000000eb000000)
 PSPermGen       total 32768K, used 17464K [0x00000000e0000000, 0x00000000e2000000, 0x00000000e8000000)
  object space 32768K, 53% used [0x00000000e0000000,0x00000000e110e300,0x00000000e2000000)
}
Event: 4.815 GC heap before
{Heap before GC invocations=9 (full 0):
 PSYoungGen      total 94400K, used 93895K [0x00000000fa000000, 0x0000000100000000, 0x0000000100000000)
  eden space 90624K, 100% used [0x00000000fa000000,0x00000000ff880000,0x00000000ff880000)
  from space 3776K, 86% used [0x00000000ffc50000,0x00000000fff81f30,0x0000000100000000)
  to   space 3840K, 0% used [0x00000000ff880000,0x00000000ff880000,0x00000000ffc40000)
 ParOldGen       total 49152K, used 5807K [0x00000000e8000000, 0x00000000eb000000, 0x00000000fa000000)
  object space 49152K, 11% used [0x00000000e8000000,0x00000000e85abe90,0x00000000eb000000)
 PSPermGen       total 32768K, used 21951K [0x00000000e0000000, 0x00000000e2000000, 0x00000000e8000000)
  object space 32768K, 66% used [0x00000000e0000000,0x00000000e156fea0,0x00000000e2000000)
Event: 4.833 GC heap after
Heap after GC invocations=9 (full 0):
 PSYoungGen      total 94464K, used 3811K [0x00000000fa000000, 0x0000000100000000, 0x0000000100000000)
  eden space 90624K, 0% used [0x00000000fa000000,0x00000000fa000000,0x00000000ff880000)
  from space 3840K, 99% used [0x00000000ff880000,0x00000000ffc38d70,0x00000000ffc40000)
  to   space 3840K, 0% used [0x00000000ffc40000,0x00000000ffc40000,0x0000000100000000)
 ParOldGen       total 49152K, used 15680K [0x00000000e8000000, 0x00000000eb000000, 0x00000000fa000000)
  object space 49152K, 31% used [0x00000000e8000000,0x00000000e8f50280,0x00000000eb000000)
 PSPermGen       total 32768K, used 21951K [0x00000000e0000000, 0x00000000e2000000, 0x00000000e8000000)
  object space 32768K, 66% used [0x00000000e0000000,0x00000000e156fea0,0x00000000e2000000)
}
Event: 5.325 GC heap before
{Heap before GC invocations=10 (full 0):
 PSYoungGen      total 94464K, used 94435K [0x00000000fa000000, 0x0000000100000000, 0x0000000100000000)
  eden space 90624K, 100% used [0x00000000fa000000,0x00000000ff880000,0x00000000ff880000)
  from space 3840K, 99% used [0x00000000ff880000,0x00000000ffc38d70,0x00000000ffc40000)
  to   space 3840K, 0% used [0x00000000ffc40000,0x00000000ffc40000,0x0000000100000000)
 ParOldGen       total 49152K, used 15680K [0x00000000e8000000, 0x00000000eb000000, 0x00000000fa000000)
  object space 49152K, 31% used [0x00000000e8000000,0x00000000e8f50280,0x00000000eb000000)
 PSPermGen       total 32768K, used 24324K [0x00000000e0000000, 0x00000000e2000000, 0x00000000e8000000)
  object space 32768K, 74% used [0x00000000e0000000,0x00000000e17c1060,0x00000000e2000000)
Event: 5.330 GC heap after
Heap after GC invocations=10 (full 0):
 PSYoungGen      total 84864K, used 3838K [0x00000000fa000000, 0x0000000100000000, 0x0000000100000000)
  eden space 81024K, 0% used [0x00000000fa000000,0x00000000fa000000,0x00000000fef20000)
  from space 3840K, 99% used [0x00000000ffc40000,0x00000000fffffb70,0x0000000100000000)
  to   space 8640K, 0% used [0x00000000fef20000,0x00000000fef20000,0x00000000ff790000)
 ParOldGen       total 49152K, used 18588K [0x00000000e8000000, 0x00000000eb000000, 0x00000000fa000000)
  object space 49152K, 37% used [0x00000000e8000000,0x00000000e9227180,0x00000000eb000000)
 PSPermGen       total 32768K, used 24324K [0x00000000e0000000, 0x00000000e2000000, 0x00000000e8000000)
  object space 32768K, 74% used [0x00000000e0000000,0x00000000e17c1060,0x00000000e2000000)
}
Event: 5.704 GC heap before
{Heap before GC invocations=11 (full 0):
 PSYoungGen      total 84864K, used 84862K [0x00000000fa000000, 0x0000000100000000, 0x0000000100000000)
  eden space 81024K, 100% used [0x00000000fa000000,0x00000000fef20000,0x00000000fef20000)
  from space 3840K, 99% used [0x00000000ffc40000,0x00000000fffffb70,0x0000000100000000)
  to   space 8640K, 0% used [0x00000000fef20000,0x00000000fef20000,0x00000000ff790000)
 ParOldGen       total 49152K, used 18588K [0x00000000e8000000, 0x00000000eb000000, 0x00000000fa000000)
  object space 49152K, 37% used [0x00000000e8000000,0x00000000e9227180,0x00000000eb000000)
 PSPermGen       total 32768K, used 26085K [0x00000000e0000000, 0x00000000e2000000, 0x00000000e8000000)
  object space 32768K, 79% used [0x00000000e0000000,0x00000000e1979540,0x00000000e2000000)
Event: 5.709 GC heap after
Heap after GC invocations=11 (full 0):
 PSYoungGen      total 89664K, used 2581K [0x00000000fa000000, 0x0000000100000000, 0x0000000100000000)
  eden space 81024K, 0% used [0x00000000fa000000,0x00000000fa000000,0x00000000fef20000)
  from space 8640K, 29% used [0x00000000fef20000,0x00000000ff1a55f8,0x00000000ff790000)
  to   space 8512K, 0% used [0x00000000ff7b0000,0x00000000ff7b0000,0x0000000100000000)
 ParOldGen       total 49152K, used 22029K [0x00000000e8000000, 0x00000000eb000000, 0x00000000fa000000)
  object space 49152K, 44% used [0x00000000e8000000,0x00000000e95837d8,0x00000000eb000000)
 PSPermGen       total 32768K, used 26085K [0x00000000e0000000, 0x00000000e2000000, 0x00000000e8000000)
  object space 32768K, 79% used [0x00000000e0000000,0x00000000e1979540,0x00000000e2000000)
}

Deoptimization events (10 events):
Event: 4.612 Thread 0x0000000058ab0800 Uncommon trap -83 fr.pc 0x0000000022f540ac
Event: 4.612 Thread 0x0000000058ab0800 Uncommon trap -34 fr.pc 0x0000000022f44438
Event: 4.612 Thread 0x0000000058ab0800 Uncommon trap -34 fr.pc 0x0000000022f44438
Event: 4.674 Thread 0x0000000058990000 Uncommon trap -83 fr.pc 0x0000000022f7d55c
Event: 4.882 Thread 0x0000000058ce2000 Uncommon trap -83 fr.pc 0x0000000022f53de0
Event: 4.887 Thread 0x0000000058ce2000 Uncommon trap -83 fr.pc 0x0000000022f53268
Event: 5.893 Thread 0x0000000058ce2000 Uncommon trap -83 fr.pc 0x0000000022f49b90
Event: 6.083 Thread 0x0000000058ce2000 Uncommon trap -83 fr.pc 0x0000000022f7f6d0
Event: 6.122 Thread 0x0000000058e11000 Uncommon trap 216 fr.pc 0x0000000022f86078
Event: 6.177 Thread 0x0000000058ab0800 Uncommon trap -28 fr.pc 0x0000000022fd3390

Internal exceptions (10 events):
Event: 6.154 Thread 0x0000000058ce2000 Threw 0x00000000fe115ef0 at C:\jdk7u1_64p\jdk7u11\hotspot\src\share\vm\prims\jvm.cpp:1166
Event: 6.154 Thread 0x0000000058ce2000 Threw 0x00000000fe13f9b0 at C:\jdk7u1_64p\jdk7u11\hotspot\src\share\vm\prims\jvm.cpp:1166
Event: 6.154 Thread 0x0000000058ce2000 Threw 0x00000000fe16cc58 at C:\jdk7u1_64p\jdk7u11\hotspot\src\share\vm\prims\jvm.cpp:1166
Event: 6.155 Thread 0x0000000058ce2000 Threw 0x00000000fe198b10 at C:\jdk7u1_64p\jdk7u11\hotspot\src\share\vm\prims\jvm.cpp:1166
Event: 6.245 Thread 0x0000000058ce2000 Threw 0x00000000fe60c860 at C:\jdk7u1_64p\jdk7u11\hotspot\src\share\vm\prims\jvm.cpp:1166
Event: 6.245 Thread 0x0000000058ce2000 Threw 0x00000000fe635718 at C:\jdk7u1_64p\jdk7u11\hotspot\src\share\vm\prims\jvm.cpp:1166
Event: 6.268 Thread 0x0000000058ce2000 Threw 0x00000000fe658288 at C:\jdk7u1_64p\jdk7u11\hotspot\src\share\vm\prims\jvm.cpp:1166
Event: 6.268 Thread 0x0000000058ce2000 Threw 0x00000000fe681dc0 at C:\jdk7u1_64p\jdk7u11\hotspot\src\share\vm\prims\jvm.cpp:1166
Event: 6.268 Thread 0x0000000058ce2000 Threw 0x00000000fe6afc80 at C:\jdk7u1_64p\jdk7u11\hotspot\src\share\vm\prims\jvm.cpp:1166
Event: 6.269 Thread 0x0000000058ce2000 Threw 0x00000000fe6dc790 at C:\jdk7u1_64p\jdk7u11\hotspot\src\share\vm\prims\jvm.cpp:1166

Events (10 events):
Event: 6.267 Thread 0x00000000228aa000 flushing nmethod 0x0000000022f535d0
Event: 6.267 Thread 0x00000000228aa000 flushing nmethod 0x0000000022f53e90
Event: 6.268 loading class 0x0000000075c939b0
Event: 6.268 loading class 0x0000000075c939b0 done
Event: 6.268 loading class 0x0000000075ceba10
Event: 6.268 loading class 0x0000000075ceba10 done
Event: 6.270 Executing VM operation: RevokeBias
Event: 6.270 Executing VM operation: RevokeBias done
Event: 6.270 Executing VM operation: RevokeBias
Event: 6.270 Executing VM operation: RevokeBias done


Dynamic libraries:
0x0000000140000000 - 0x0000000140029000 	C:\Program Files\MATLAB\R2013b\bin\win64\MATLAB.exe
0x0000000077780000 - 0x0000000077928000 	C:\Windows\SYSTEM32\ntdll.dll
0x0000000077560000 - 0x000000007767f000 	C:\Windows\system32\kernel32.dll
0x000007fefd810000 - 0x000007fefd87c000 	C:\Windows\system32\KERNELBASE.dll
0x000000006f060000 - 0x000000006f3dc000 	C:\Program Files\MATLAB\R2013b\bin\win64\libmwservices.dll
0x000000006fe80000 - 0x000000006ff56000 	C:\Program Files\MATLAB\R2013b\bin\win64\libmwi18n.dll
0x000000006fe70000 - 0x000000006fe7d000 	C:\Program Files\MATLAB\R2013b\bin\win64\libmwresource_core.dll
0x0000000073920000 - 0x00000000739b8000 	C:\Program Files\MATLAB\R2013b\bin\win64\MSVCP100.dll
0x0000000073840000 - 0x0000000073912000 	C:\Program Files\MATLAB\R2013b\bin\win64\MSVCR100.dll
0x0000000073c50000 - 0x0000000073c5e000 	C:\Program Files\MATLAB\R2013b\bin\win64\boost_date_time-vc100-mt-1_49.dll
0x0000000073c10000 - 0x0000000073c3c000 	C:\Program Files\MATLAB\R2013b\bin\win64\boost_filesystem-vc100-mt-1_49.dll
0x0000000073bf0000 - 0x0000000073bf9000 	C:\Program Files\MATLAB\R2013b\bin\win64\boost_system-vc100-mt-1_49.dll
0x000007feff910000 - 0x000007feff9eb000 	C:\Windows\system32\ADVAPI32.dll
0x000007fefefb0000 - 0x000007feff04f000 	C:\Windows\system32\msvcrt.dll
0x000007feff050000 - 0x000007feff06f000 	C:\Windows\SYSTEM32\sechost.dll
0x000007fefdb10000 - 0x000007fefdc3d000 	C:\Windows\system32\RPCRT4.dll
0x0000000073bb0000 - 0x0000000073bd5000 	C:\Program Files\MATLAB\R2013b\bin\win64\LIBEXPAT.dll
0x0000000073620000 - 0x00000000737aa000 	C:\Program Files\MATLAB\R2013b\bin\win64\icuin49.dll
0x00000000734e0000 - 0x000000007361e000 	C:\Program Files\MATLAB\R2013b\bin\win64\icuuc49.dll
0x0000000070ea0000 - 0x0000000071fc2000 	C:\Program Files\MATLAB\R2013b\bin\win64\icudt49.dll
0x0000000073b80000 - 0x0000000073b90000 	C:\Program Files\MATLAB\R2013b\bin\win64\icuio49.dll
0x0000000004210000 - 0x00000000042cb000 	C:\Program Files\MATLAB\R2013b\bin\win64\libut.dll
0x000000006f960000 - 0x000000006fb07000 	C:\Program Files\MATLAB\R2013b\bin\win64\libmwfl.dll
0x00000000042d0000 - 0x00000000046df000 	C:\Program Files\MATLAB\R2013b\bin\win64\libmwMATLAB_res.dll
0x0000000073400000 - 0x00000000734df000 	C:\Program Files\MATLAB\R2013b\bin\win64\boost_regex-vc100-mt-1_49.dll
0x0000000077680000 - 0x000000007777a000 	C:\Windows\system32\USER32.dll
0x000007fefdec0000 - 0x000007fefdf27000 	C:\Windows\system32\GDI32.dll
0x000007fefda80000 - 0x000007fefda8e000 	C:\Windows\system32\LPK.dll
0x000007fefdf90000 - 0x000007fefe059000 	C:\Windows\system32\USP10.dll
0x0000000073b40000 - 0x0000000073b51000 	C:\Program Files\MATLAB\R2013b\bin\win64\boost_signals-vc100-mt-1_49.dll
0x0000000073b10000 - 0x0000000073b21000 	C:\Program Files\MATLAB\R2013b\bin\win64\boost_thread-vc100-mt-1_49.dll
0x0000000073370000 - 0x00000000733fc000 	C:\Program Files\MATLAB\R2013b\bin\win64\boost_log-vc100-mt-1_49.dll
0x0000000077950000 - 0x0000000077957000 	C:\Windows\system32\PSAPI.DLL
0x000007fefde70000 - 0x000007fefdebd000 	C:\Windows\system32\WS2_32.dll
0x000007fefe140000 - 0x000007fefe148000 	C:\Windows\system32\NSI.dll
0x000007feed250000 - 0x000007feed283000 	C:\Program Files\MATLAB\R2013b\bin\win64\tbb.dll
0x000007fefdc40000 - 0x000007fefdc59000 	C:\Windows\system32\imagehlp.dll
0x000007fefbb50000 - 0x000007fefbb7c000 	C:\Windows\system32\POWRPROF.dll
0x000007feff200000 - 0x000007feff3d7000 	C:\Windows\system32\SETUPAPI.dll
0x000007fefd7d0000 - 0x000007fefd806000 	C:\Windows\system32\CFGMGR32.dll
0x000007fefe060000 - 0x000007fefe137000 	C:\Windows\system32\OLEAUT32.dll
0x000007fefdc60000 - 0x000007fefde63000 	C:\Windows\system32\ole32.dll
0x000007fefd8a0000 - 0x000007fefd8ba000 	C:\Windows\system32\DEVOBJ.dll
0x00000000046e0000 - 0x00000000047db000 	C:\Program Files\MATLAB\R2013b\bin\win64\libmx.dll
0x000007feed220000 - 0x000007feed248000 	C:\Program Files\MATLAB\R2013b\bin\win64\tbbmalloc.dll
0x0000000073ac0000 - 0x0000000073ad7000 	C:\Program Files\MATLAB\R2013b\bin\win64\zlib1.dll
0x000000006ef00000 - 0x000000006ef4e000 	C:\Program Files\MATLAB\R2013b\bin\win64\libmwregexp.dll
0x000000006eeb0000 - 0x000000006eef7000 	C:\Program Files\MATLAB\R2013b\bin\win64\mpath.dll
0x00000000047e0000 - 0x0000000004e08000 	C:\Program Files\MATLAB\R2013b\bin\win64\mlutil.dll
0x000000006e870000 - 0x000000006e8e7000 	C:\Program Files\MATLAB\R2013b\bin\win64\xmlcore.dll
0x0000000072960000 - 0x0000000072ba1000 	C:\Program Files\MATLAB\R2013b\bin\win64\xerces-c_2_7.dll
0x000000006e5f0000 - 0x000000006e613000 	C:\Program Files\MATLAB\R2013b\bin\win64\libmwMATLAB_settings_res.dll
0x0000000073b00000 - 0x0000000073b10000 	C:\Program Files\MATLAB\R2013b\bin\win64\boost_iostreams-vc100-mt-1_49.dll
0x0000000073130000 - 0x0000000073176000 	C:\Program Files\MATLAB\R2013b\bin\win64\boost_serialization-vc100-mt-1_49.dll
0x000007fefe180000 - 0x000007fefef09000 	C:\Windows\system32\SHELL32.dll
0x000007fefda90000 - 0x000007fefdb01000 	C:\Windows\system32\SHLWAPI.dll
0x000000006e580000 - 0x000000006e586000 	C:\Program Files\MATLAB\R2013b\bin\win64\libmwnativedisplay.dll
0x00000000685f0000 - 0x000000006863d000 	C:\Program Files\MATLAB\R2013b\bin\win64\opccore.dll
0x00000000684f0000 - 0x00000000685c6000 	C:\Program Files\MATLAB\R2013b\bin\win64\opcmodel.dll
0x00000000684c0000 - 0x00000000684ed000 	C:\Program Files\MATLAB\R2013b\bin\win64\opczippackage.dll
0x0000000073360000 - 0x000000007336e000 	C:\Program Files\MATLAB\R2013b\bin\win64\libminizip.dll
0x0000000068340000 - 0x00000000683a6000 	C:\Program Files\MATLAB\R2013b\bin\win64\opcmwservices.dll
0x000007fef7cb0000 - 0x000007fef7d50000 	C:\Windows\WinSxS\amd64_microsoft.windows.common-controls_6595b64144ccf1df_5.82.7601.18837_none_a4d981ff711297b6\COMCTL32.dll
0x000007feff9f0000 - 0x000007feffa87000 	C:\Windows\system32\COMDLG32.dll
0x000007fefa080000 - 0x000007fefa096000 	C:\Windows\system32\NETAPI32.dll
0x000007fefc5f0000 - 0x000007fefc5fc000 	C:\Windows\system32\netutils.dll
0x000007fefd260000 - 0x000007fefd283000 	C:\Windows\system32\srvcli.dll
0x000007fefcc80000 - 0x000007fefcc95000 	C:\Windows\system32\wkscli.dll
0x000000006e4d0000 - 0x000000006e57d000 	C:\Program Files\MATLAB\R2013b\bin\win64\mcr.dll
0x000000006e110000 - 0x000000006e4d0000 	C:\Program Files\MATLAB\R2013b\bin\win64\iqm.dll
0x0000000180000000 - 0x00000001800c2000 	C:\Program Files\MATLAB\R2013b\bin\win64\m_dispatcher.dll
0x0000000004e20000 - 0x000000000561b000 	C:\Program Files\MATLAB\R2013b\bin\win64\m_interpreter.dll
0x000000006d760000 - 0x000000006d784000 	C:\Program Files\MATLAB\R2013b\bin\win64\libmex.dll
0x000000006d6e0000 - 0x000000006d75b000 	C:\Program Files\MATLAB\R2013b\bin\win64\profiler.dll
0x000000006d450000 - 0x000000006d5c8000 	C:\Program Files\MATLAB\R2013b\bin\win64\libmwmathutil.dll
0x000000006d420000 - 0x000000006d447000 	C:\Program Files\MATLAB\R2013b\bin\win64\libmwmathrng.dll
0x000000006d410000 - 0x000000006d420000 	C:\Program Files\MATLAB\R2013b\bin\win64\libmwmfl_rng.dll
0x0000000005620000 - 0x0000000005738000 	C:\Program Files\MATLAB\R2013b\bin\win64\libmwmathcore.dll
0x000000006d2b0000 - 0x000000006d313000 	C:\Program Files\MATLAB\R2013b\bin\win64\libmwspmatrix.dll
0x0000000005740000 - 0x00000000059a2000 	C:\Program Files\MATLAB\R2013b\bin\win64\mcos.dll
0x000000006cfc0000 - 0x000000006d01c000 	C:\Program Files\MATLAB\R2013b\bin\win64\libmwcholmod.dll
0x000000006cfb0000 - 0x000000006cfbc000 	C:\Program Files\MATLAB\R2013b\bin\win64\libmwamd.dll
0x000000006cfa0000 - 0x000000006cfab000 	C:\Program Files\MATLAB\R2013b\bin\win64\libmwcolamd.dll
0x000000006cf80000 - 0x000000006cf93000 	C:\Program Files\MATLAB\R2013b\bin\win64\libmwblas.dll
0x000000006cf60000 - 0x000000006cf75000 	C:\Program Files\MATLAB\R2013b\bin\win64\libmwbinder.dll
0x000000006cf50000 - 0x000000006cf5b000 	C:\Program Files\MATLAB\R2013b\bin\win64\libmwompwrapper.dll
0x000000006ced0000 - 0x000000006cf4f000 	C:\Program Files\MATLAB\R2013b\bin\win64\libmwlapack.dll
0x000000006ceb0000 - 0x000000006ced0000 	C:\Program Files\MATLAB\R2013b\bin\win64\m_pcodeio.dll
0x000000006ce50000 - 0x000000006ceac000 	C:\Program Files\MATLAB\R2013b\bin\win64\m_ir.dll
0x00000000059b0000 - 0x0000000006065000 	C:\Program Files\MATLAB\R2013b\bin\win64\m_parser.dll
0x000000006c780000 - 0x000000006c797000 	C:\Program Files\MATLAB\R2013b\bin\win64\ir_xfmr.dll
0x000000006c770000 - 0x000000006c780000 	C:\Program Files\MATLAB\R2013b\bin\win64\mtok.dll
0x000000006c740000 - 0x000000006c768000 	C:\Program Files\MATLAB\R2013b\bin\win64\m_pcodegen.dll
0x000007feed070000 - 0x000007feed195000 	C:\Windows\system32\dbghelp.dll
0x000000006c710000 - 0x000000006c73f000 	C:\Program Files\MATLAB\R2013b\bin\win64\libmwbridge.dll
0x000000006c650000 - 0x000000006c706000 	C:\Program Files\MATLAB\R2013b\bin\win64\udd.dll
0x0000000006070000 - 0x00000000061c1000 	C:\Program Files\MATLAB\R2013b\bin\win64\libmwgui.dll
0x000000006c4d0000 - 0x000000006c4f8000 	C:\Program Files\MATLAB\R2013b\bin\win64\graphics_util.dll
0x0000000070de0000 - 0x0000000070e98000 	C:\Program Files\MATLAB\R2013b\bin\win64\libtex_base.dll
0x000000006bac0000 - 0x000000006c426000 	C:\Program Files\MATLAB\R2013b\bin\win64\hg.dll
0x000000006ba60000 - 0x000000006babd000 	C:\Program Files\MATLAB\R2013b\bin\win64\libmat.dll
0x000000006b850000 - 0x000000006ba58000 	C:\Program Files\MATLAB\R2013b\bin\win64\hdf5dll.dll
0x000000006b780000 - 0x000000006b848000 	C:\Program Files\MATLAB\R2013b\bin\win64\jmi.dll
0x000000006b770000 - 0x000000006b77e000 	C:\Program Files\MATLAB\R2013b\bin\win64\nativejava_services.dll
0x00000000061e0000 - 0x0000000006222000 	C:\Program Files\MATLAB\R2013b\bin\win64\libmwhardcopy.dll
0x000000006b6d0000 - 0x000000006b72e000 	C:\Program Files\MATLAB\R2013b\bin\win64\libuij.dll
0x000000006b490000 - 0x000000006b695000 	C:\Program Files\MATLAB\R2013b\bin\win64\hgdatatypes.dll
0x0000000006230000 - 0x0000000006342000 	C:\Program Files\MATLAB\R2013b\bin\win64\hgutils.dll
0x000000006b2f0000 - 0x000000006b39e000 	C:\Program Files\MATLAB\R2013b\bin\win64\udd_mi.dll
0x000000006b2b0000 - 0x000000006b2e6000 	C:\Program Files\MATLAB\R2013b\bin\win64\libmwgbtutils.dll
0x000000006b290000 - 0x000000006b2a3000 	C:\Program Files\MATLAB\R2013b\bin\win64\libmwgbt.dll
0x000000006afc0000 - 0x000000006b28f000 	C:\Program Files\MATLAB\R2013b\bin\win64\uiw.dll
0x000000006afb0000 - 0x000000006afb9000 	C:\Program Files\MATLAB\R2013b\bin\win64\uinone.dll
0x000000006af80000 - 0x000000006afac000 	C:\Program Files\MATLAB\R2013b\bin\win64\libmwnativedialogs.dll
0x000000006af70000 - 0x000000006af7c000 	C:\Program Files\MATLAB\R2013b\bin\win64\libmwplatform_res.dll
0x000007fef6d30000 - 0x000007fef6d48000 	C:\Windows\system32\MPR.dll
0x0000000070880000 - 0x0000000070ddd000 	C:\Program Files\MATLAB\R2013b\bin\win64\mfc100.dll
0x000007feea140000 - 0x000007feea147000 	C:\Windows\system32\MSIMG32.dll
0x000007fef7720000 - 0x000007fef7791000 	C:\Windows\system32\WINSPOOL.DRV
0x000000006af50000 - 0x000000006af6d000 	C:\Program Files\MATLAB\R2013b\bin\win64\mwoles05.DLL
0x000000006aee0000 - 0x000000006af4c000 	C:\Program Files\MATLAB\R2013b\bin\win64\comcli.dll
0x0000000070810000 - 0x000000007083b000 	C:\Program Files\MATLAB\R2013b\bin\win64\ATL100.DLL
0x000000006aed0000 - 0x000000006aedc000 	C:\Program Files\MATLAB\R2013b\bin\win64\mlautoregister.dll
0x0000000006360000 - 0x00000000064cf000 	C:\Program Files\MATLAB\R2013b\bin\win64\mvm.dll
0x000007fefe150000 - 0x000007fefe17e000 	C:\Windows\system32\IMM32.DLL
0x000007fefd970000 - 0x000007fefda79000 	C:\Windows\system32\MSCTF.dll
0x000007fef9c10000 - 0x000007fef9c66000 	C:\Windows\system32\UxTheme.dll
0x000007fef9620000 - 0x000007fef9638000 	C:\Windows\system32\dwmapi.dll

VM Arguments:
jvm_args: -XX:PermSize=32m -Xms64m -XX:NewRatio=3 -XX:MaxPermSize=128m -Xmx384m -XX:MaxDirectMemorySize=2147400000 -Dsun.java2d.noddraw=true -Dsun.awt.nopixfmt=true -Xshare:off -Xrs -XX:-UseSplitVerifier -Djava.library.path=C:\Program Files\MATLAB\R2013b\bin\win64;C:\Program Files\MATLAB\R2013b\sys\jxbrowser\win64\lib vfprintf abort -Duser.language=en -Duser.country=US 
java_command: <unknown>
Launcher Type: generic

Environment Variables:
PATH=C:\Python32\;C:\Program Files\IMOD\bin;C:\Windows\system32;C:\Windows;C:\Windows\System32\Wbem;C:\Windows\System32\WindowsPowerShell\v1.0\;C:\Program Files (x86)\ATI Technologies\ATI.ACE\Core-Static;C:\Program Files\MATLAB\R2013b\bin;C:\Program Files\SlikSvn\bin
USERNAME=DeBello Lab
OS=Windows_NT
PROCESSOR_IDENTIFIER=Intel64 Family 6 Model 60 Stepping 3, GenuineIntel



---------------  S Y S T E M  ---------------

OS: Windows 7 , 64 bit Build 7601 Service Pack 1

CPU:total 4 (4 cores per cpu, 1 threads per core) family 6 model 60 stepping 3, cmov, cx8, fxsr, mmx, sse, sse2, sse3, ssse3, sse4.1, sse4.2, popcnt, avx, avx2, tsc, tscinvbit

Memory: 4k page, physical 16715088k(14457156k free), swap 33428324k(31003724k free)

vm_info: Java HotSpot(TM) 64-Bit Server VM (23.6-b04) for windows-amd64 JRE (1.7.0_11-b21), built on Jan 12 2013 02:38:42 by "java_re" with unknown MS VC++:1600

time: Mon Aug 17 14:25:33 2015
elapsed time: 6 seconds

